# JRE version: OpenJDK Runtime Environment (17.0.10) (build 17.0.10+0--11609105)
# Java VM: OpenJDK 64-Bit Server VM (17.0.10+0--11609105, mixed mode, tiered, compressed oops, compressed class ptrs, g1 gc, windows-amd64)
GC Precious Log:
 CPUs: 8 total, 8 available
 Memory: 7952M
 Large Page Support: Disabled
 NUMA Support: Disabled
 Compressed Oops: Enabled (32-bit)
 Heap Region Size: 1M
 Heap Min Capacity: 8M
 Heap Initial Capacity: 126M
 Heap Max Capacity: 2G
 Pre-touch: Disabled
 Parallel Workers: 8
 Concurrent Workers: 2
 Concurrent Refinement Workers: 8
 Periodic GC: Disabled
Heap:
 garbage-first heap   total 174080K, used 102583K [0x0000000080000000, 0x0000000100000000)
  region size 1024K, 8 young (8192K), 3 survivors (3072K)
 Metaspace       used 100348K, committed 101056K, reserved 1179648K
  class space    used 14067K, committed 14400K, reserved 1048576K
GC Heap History (20 events):
Event: 9.036 GC heap before
{Heap before GC invocations=33 (full 0):
 garbage-first heap   total 132096K, used 106492K [0x0000000080000000, 0x0000000100000000)
  region size 1024K, 35 young (35840K), 4 survivors (4096K)
 Metaspace       used 78038K, committed 78656K, reserved 1179648K
  class space    used 10658K, committed 10944K, reserved 1048576K
}
Event: 9.041 GC heap after
{Heap after GC invocations=34 (full 0):
 garbage-first heap   total 158720K, used 76512K [0x0000000080000000, 0x0000000100000000)
  region size 1024K, 4 young (4096K), 4 survivors (4096K)
 Metaspace       used 78038K, committed 78656K, reserved 1179648K
  class space    used 10658K, committed 10944K, reserved 1048576K
}
Event: 9.541 GC heap before
{Heap before GC invocations=35 (full 0):
 garbage-first heap   total 158720K, used 123616K [0x0000000080000000, 0x0000000100000000)
  region size 1024K, 50 young (51200K), 4 survivors (4096K)
 Metaspace       used 80283K, committed 80960K, reserved 1179648K
  class space    used 10943K, committed 11264K, reserved 1048576K
}
Event: 9.545 GC heap after
{Heap after GC invocations=36 (full 0):
 garbage-first heap   total 158720K, used 79514K [0x0000000080000000, 0x0000000100000000)
  region size 1024K, 7 young (7168K), 7 survivors (7168K)
 Metaspace       used 80283K, committed 80960K, reserved 1179648K
  class space    used 10943K, committed 11264K, reserved 1048576K
}
Event: 9.700 GC heap before
{Heap before GC invocations=36 (full 0):
 garbage-first heap   total 158720K, used 97946K [0x0000000080000000, 0x0000000100000000)
  region size 1024K, 26 young (26624K), 7 survivors (7168K)
 Metaspace       used 81473K, committed 82112K, reserved 1179648K
  class space    used 11122K, committed 11392K, reserved 1048576K
}
Event: 9.706 GC heap after
{Heap after GC invocations=37 (full 0):
 garbage-first heap   total 158720K, used 80297K [0x0000000080000000, 0x0000000100000000)
  region size 1024K, 4 young (4096K), 4 survivors (4096K)
 Metaspace       used 81473K, committed 82112K, reserved 1179648K
  class space    used 11122K, committed 11392K, reserved 1048576K
}
Event: 10.218 GC heap before
{Heap before GC invocations=38 (full 0):
 garbage-first heap   total 158720K, used 128425K [0x0000000080000000, 0x0000000100000000)
  region size 1024K, 50 young (51200K), 4 survivors (4096K)
 Metaspace       used 84756K, committed 85376K, reserved 1179648K
  class space    used 11759K, committed 12032K, reserved 1048576K
}
Event: 10.223 GC heap after
{Heap after GC invocations=39 (full 0):
 garbage-first heap   total 158720K, used 81540K [0x0000000080000000, 0x0000000100000000)
  region size 1024K, 5 young (5120K), 5 survivors (5120K)
 Metaspace       used 84756K, committed 85376K, reserved 1179648K
  class space    used 11759K, committed 12032K, reserved 1048576K
}
Event: 10.786 GC heap before
{Heap before GC invocations=39 (full 0):
 garbage-first heap   total 158720K, used 129668K [0x0000000080000000, 0x0000000100000000)
  region size 1024K, 52 young (53248K), 5 survivors (5120K)
 Metaspace       used 87986K, committed 88640K, reserved 1179648K
  class space    used 12238K, committed 12544K, reserved 1048576K
}
Event: 10.792 GC heap after
{Heap after GC invocations=40 (full 0):
 garbage-first heap   total 158720K, used 83814K [0x0000000080000000, 0x0000000100000000)
  region size 1024K, 5 young (5120K), 5 survivors (5120K)
 Metaspace       used 87986K, committed 88640K, reserved 1179648K
  class space    used 12238K, committed 12544K, reserved 1048576K
}
Event: 11.324 GC heap before
{Heap before GC invocations=41 (full 0):
 garbage-first heap   total 158720K, used 130918K [0x0000000080000000, 0x0000000100000000)
  region size 1024K, 51 young (52224K), 5 survivors (5120K)
 Metaspace       used 91518K, committed 92224K, reserved 1179648K
  class space    used 12763K, committed 13120K, reserved 1048576K
}
Event: 11.330 GC heap after
{Heap after GC invocations=42 (full 0):
 garbage-first heap   total 158720K, used 86398K [0x0000000080000000, 0x0000000100000000)
  region size 1024K, 7 young (7168K), 7 survivors (7168K)
 Metaspace       used 91518K, committed 92224K, reserved 1179648K
  class space    used 12763K, committed 13120K, reserved 1048576K
}
Event: 11.834 GC heap before
{Heap before GC invocations=42 (full 0):
 garbage-first heap   total 158720K, used 130430K [0x0000000080000000, 0x0000000100000000)
  region size 1024K, 51 young (52224K), 7 survivors (7168K)
 Metaspace       used 95715K, committed 96448K, reserved 1179648K
  class space    used 13349K, committed 13696K, reserved 1048576K
}
Event: 11.842 GC heap after
{Heap after GC invocations=43 (full 0):
 garbage-first heap   total 158720K, used 88793K [0x0000000080000000, 0x0000000100000000)
  region size 1024K, 6 young (6144K), 6 survivors (6144K)
 Metaspace       used 95715K, committed 96448K, reserved 1179648K
  class space    used 13349K, committed 13696K, reserved 1048576K
}
Event: 12.469 GC heap before
{Heap before GC invocations=44 (full 0):
 garbage-first heap   total 162816K, used 131801K [0x0000000080000000, 0x0000000100000000)
  region size 1024K, 48 young (49152K), 6 survivors (6144K)
 Metaspace       used 98588K, committed 99328K, reserved 1179648K
  class space    used 13812K, committed 14144K, reserved 1048576K
}
Event: 12.479 GC heap after
{Heap after GC invocations=45 (full 0):
 garbage-first heap   total 162816K, used 92419K [0x0000000080000000, 0x0000000100000000)
  region size 1024K, 6 young (6144K), 6 survivors (6144K)
 Metaspace       used 98588K, committed 99328K, reserved 1179648K
  class space    used 13812K, committed 14144K, reserved 1048576K
}
Event: 12.952 GC heap before
{Heap before GC invocations=45 (full 0):
 garbage-first heap   total 162816K, used 135427K [0x0000000080000000, 0x0000000100000000)
  region size 1024K, 49 young (50176K), 6 survivors (6144K)
 Metaspace       used 99601K, committed 100352K, reserved 1179648K
  class space    used 13992K, committed 14336K, reserved 1048576K
}
Event: 12.963 GC heap after
{Heap after GC invocations=46 (full 0):
 garbage-first heap   total 162816K, used 96918K [0x0000000080000000, 0x0000000100000000)
  region size 1024K, 5 young (5120K), 5 survivors (5120K)
 Metaspace       used 99601K, committed 100352K, reserved 1179648K
  class space    used 13992K, committed 14336K, reserved 1048576K
}
Event: 13.496 GC heap before
{Heap before GC invocations=47 (full 0):
 garbage-first heap   total 174080K, used 134806K [0x0000000080000000, 0x0000000100000000)
  region size 1024K, 43 young (44032K), 5 survivors (5120K)
 Metaspace       used 100225K, committed 100992K, reserved 1179648K
  class space    used 14049K, committed 14400K, reserved 1048576K
}
Event: 13.503 GC heap after
{Heap after GC invocations=48 (full 0):
 garbage-first heap   total 174080K, used 99511K [0x0000000080000000, 0x0000000100000000)
  region size 1024K, 3 young (3072K), 3 survivors (3072K)
 Metaspace       used 100225K, committed 100992K, reserved 1179648K
  class space    used 14049K, committed 14400K, reserved 1048576K
}

