# JRE version: OpenJDK Runtime Environment (17.0.10) (build 17.0.10+0--11609105)
# Java VM: OpenJDK 64-Bit Server VM (17.0.10+0--11609105, mixed mode, tiered, compressed oops, compressed class ptrs, g1 gc, windows-amd64)
GC Precious Log:
 CPUs: 8 total, 8 available
 Memory: 7952M
 Large Page Support: Disabled
 NUMA Support: Disabled
 Compressed Oops: Enabled (32-bit)
 Heap Region Size: 1M
 Heap Min Capacity: 8M
 Heap Initial Capacity: 126M
 Heap Max Capacity: 2G
 Pre-touch: Disabled
 Parallel Workers: 8
 Concurrent Workers: 2
 Concurrent Refinement Workers: 8
 Periodic GC: Disabled
Heap:
 garbage-first heap   total 173056K, used 102855K [0x0000000080000000, 0x0000000100000000)
  region size 1024K, 4 young (4096K), 4 survivors (4096K)
 Metaspace       used 105109K, committed 105856K, reserved 1179648K
  class space    used 14611K, committed 14976K, reserved 1048576K
GC Heap History (20 events):
Event: 12.043 GC heap after
{Heap after GC invocations=48 (full 0):
 garbage-first heap   total 159744K, used 81830K [0x0000000080000000, 0x0000000100000000)
  region size 1024K, 1 young (1024K), 1 survivors (1024K)
 Metaspace       used 83402K, committed 84032K, reserved 1179648K
  class space    used 11334K, committed 11648K, reserved 1048576K
}
Event: 12.342 GC heap before
{Heap before GC invocations=48 (full 0):
 garbage-first heap   total 159744K, used 105382K [0x0000000080000000, 0x0000000100000000)
  region size 1024K, 25 young (25600K), 1 survivors (1024K)
 Metaspace       used 85047K, committed 85696K, reserved 1179648K
  class space    used 11574K, committed 11904K, reserved 1048576K
}
Event: 12.344 GC heap after
{Heap after GC invocations=49 (full 0):
 garbage-first heap   total 159744K, used 82361K [0x0000000080000000, 0x0000000100000000)
  region size 1024K, 2 young (2048K), 2 survivors (2048K)
 Metaspace       used 85047K, committed 85696K, reserved 1179648K
  class space    used 11574K, committed 11904K, reserved 1048576K
}
Event: 12.986 GC heap before
{Heap before GC invocations=50 (full 0):
 garbage-first heap   total 159744K, used 128441K [0x0000000080000000, 0x0000000100000000)
  region size 1024K, 46 young (47104K), 2 survivors (2048K)
 Metaspace       used 88190K, committed 88832K, reserved 1179648K
  class space    used 12184K, committed 12544K, reserved 1048576K
}
Event: 12.989 GC heap after
{Heap after GC invocations=51 (full 0):
 garbage-first heap   total 159744K, used 83631K [0x0000000080000000, 0x0000000100000000)
  region size 1024K, 3 young (3072K), 3 survivors (3072K)
 Metaspace       used 88190K, committed 88832K, reserved 1179648K
  class space    used 12184K, committed 12544K, reserved 1048576K
}
Event: 13.535 GC heap before
{Heap before GC invocations=51 (full 0):
 garbage-first heap   total 159744K, used 129711K [0x0000000080000000, 0x0000000100000000)
  region size 1024K, 48 young (49152K), 3 survivors (3072K)
 Metaspace       used 91315K, committed 92032K, reserved 1179648K
  class space    used 12652K, committed 12992K, reserved 1048576K
}
Event: 13.539 GC heap after
{Heap after GC invocations=52 (full 0):
 garbage-first heap   total 159744K, used 85550K [0x0000000080000000, 0x0000000100000000)
  region size 1024K, 5 young (5120K), 5 survivors (5120K)
 Metaspace       used 91315K, committed 92032K, reserved 1179648K
  class space    used 12652K, committed 12992K, reserved 1048576K
}
Event: 14.134 GC heap before
{Heap before GC invocations=53 (full 0):
 garbage-first heap   total 159744K, used 130606K [0x0000000080000000, 0x0000000100000000)
  region size 1024K, 49 young (50176K), 5 survivors (5120K)
 Metaspace       used 94591K, committed 95360K, reserved 1179648K
  class space    used 13135K, committed 13504K, reserved 1048576K
}
Event: 14.140 GC heap after
{Heap after GC invocations=54 (full 0):
 garbage-first heap   total 159744K, used 88314K [0x0000000080000000, 0x0000000100000000)
  region size 1024K, 7 young (7168K), 7 survivors (7168K)
 Metaspace       used 94591K, committed 95360K, reserved 1179648K
  class space    used 13135K, committed 13504K, reserved 1048576K
}
Event: 14.650 GC heap before
{Heap before GC invocations=54 (full 0):
 garbage-first heap   total 159744K, used 131322K [0x0000000080000000, 0x0000000100000000)
  region size 1024K, 49 young (50176K), 7 survivors (7168K)
 Metaspace       used 98790K, committed 99520K, reserved 1179648K
  class space    used 13724K, committed 14080K, reserved 1048576K
}
Event: 14.668 GC heap after
{Heap after GC invocations=55 (full 0):
 garbage-first heap   total 159744K, used 90091K [0x0000000080000000, 0x0000000100000000)
  region size 1024K, 5 young (5120K), 5 survivors (5120K)
 Metaspace       used 98790K, committed 99520K, reserved 1179648K
  class space    used 13724K, committed 14080K, reserved 1048576K
}
Event: 15.146 GC heap before
{Heap before GC invocations=56 (full 0):
 garbage-first heap   total 159744K, used 133099K [0x0000000080000000, 0x0000000100000000)
  region size 1024K, 47 young (48128K), 5 survivors (5120K)
 Metaspace       used 101379K, committed 102144K, reserved 1179648K
  class space    used 14138K, committed 14528K, reserved 1048576K
}
Event: 15.155 GC heap after
{Heap after GC invocations=57 (full 0):
 garbage-first heap   total 159744K, used 93354K [0x0000000080000000, 0x0000000100000000)
  region size 1024K, 6 young (6144K), 6 survivors (6144K)
 Metaspace       used 101379K, committed 102144K, reserved 1179648K
  class space    used 14138K, committed 14528K, reserved 1048576K
}
Event: 15.990 GC heap before
{Heap before GC invocations=57 (full 0):
 garbage-first heap   total 159744K, used 132266K [0x0000000080000000, 0x0000000100000000)
  region size 1024K, 45 young (46080K), 6 survivors (6144K)
 Metaspace       used 102690K, committed 103488K, reserved 1179648K
  class space    used 14316K, committed 14720K, reserved 1048576K
}
Event: 15.999 GC heap after
{Heap after GC invocations=58 (full 0):
 garbage-first heap   total 159744K, used 97452K [0x0000000080000000, 0x0000000100000000)
  region size 1024K, 5 young (5120K), 5 survivors (5120K)
 Metaspace       used 102690K, committed 103488K, reserved 1179648K
  class space    used 14316K, committed 14720K, reserved 1048576K
}
Event: 16.492 GC heap before
{Heap before GC invocations=59 (full 0):
 garbage-first heap   total 173056K, used 132268K [0x0000000080000000, 0x0000000100000000)
  region size 1024K, 40 young (40960K), 5 survivors (5120K)
 Metaspace       used 103259K, committed 104064K, reserved 1179648K
  class space    used 14369K, committed 14784K, reserved 1048576K
}
Event: 16.498 GC heap after
{Heap after GC invocations=60 (full 0):
 garbage-first heap   total 173056K, used 100110K [0x0000000080000000, 0x0000000100000000)
  region size 1024K, 3 young (3072K), 3 survivors (3072K)
 Metaspace       used 103259K, committed 104064K, reserved 1179648K
  class space    used 14369K, committed 14784K, reserved 1048576K
}
Event: 16.540 GC heap before
{Heap before GC invocations=60 (full 0):
 garbage-first heap   total 173056K, used 105230K [0x0000000080000000, 0x0000000100000000)
  region size 1024K, 8 young (8192K), 3 survivors (3072K)
 Metaspace       used 103298K, committed 104128K, reserved 1179648K
  class space    used 14369K, committed 14784K, reserved 1048576K
}
Event: 16.545 GC heap after
{Heap after GC invocations=61 (full 0):
 garbage-first heap   total 173056K, used 99921K [0x0000000080000000, 0x0000000100000000)
  region size 1024K, 1 young (1024K), 1 survivors (1024K)
 Metaspace       used 103298K, committed 104128K, reserved 1179648K
  class space    used 14369K, committed 14784K, reserved 1048576K
}
Event: 17.222 GC heap before
{Heap before GC invocations=61 (full 0):
 garbage-first heap   total 173056K, used 143953K [0x0000000080000000, 0x0000000100000000)
  region size 1024K, 45 young (46080K), 1 survivors (1024K)
 Metaspace       used 105109K, committed 105856K, reserved 1179648K
  class space    used 14611K, committed 14976K, reserved 1048576K
}

