# JRE version: OpenJDK Runtime Environment (17.0.10) (build 17.0.10+0--11609105)
# Java VM: OpenJDK 64-Bit Server VM (17.0.10+0--11609105, mixed mode, tiered, compressed oops, compressed class ptrs, g1 gc, windows-amd64)
GC Precious Log:
 CPUs: 8 total, 8 available
 Memory: 7952M
 Large Page Support: Disabled
 NUMA Support: Disabled
 Compressed Oops: Enabled (32-bit)
 Heap Region Size: 1M
 Heap Min Capacity: 8M
 Heap Initial Capacity: 126M
 Heap Max Capacity: 2G
 Pre-touch: Disabled
 Parallel Workers: 8
 Concurrent Workers: 2
 Concurrent Refinement Workers: 8
 Periodic GC: Disabled
Heap:
 garbage-first heap   total 409600K, used 242869K [0x0000000080000000, 0x0000000100000000)
  region size 1024K, 18 young (18432K), 2 survivors (2048K)
 Metaspace       used 162087K, committed 163328K, reserved 1245184K
  class space    used 22111K, committed 22720K, reserved 1048576K
GC Heap History (20 events):
Event: 114.851 GC heap before
{Heap before GC invocations=103 (full 0):
 garbage-first heap   total 339968K, used 221599K [0x0000000080000000, 0x0000000100000000)
  region size 1024K, 27 young (27648K), 1 survivors (1024K)
 Metaspace       used 137800K, committed 138752K, reserved 1179648K
  class space    used 18525K, committed 18944K, reserved 1048576K
}
Event: 114.855 GC heap after
{Heap after GC invocations=104 (full 0):
 garbage-first heap   total 339968K, used 195991K [0x0000000080000000, 0x0000000100000000)
  region size 1024K, 1 young (1024K), 1 survivors (1024K)
 Metaspace       used 137800K, committed 138752K, reserved 1179648K
  class space    used 18525K, committed 18944K, reserved 1048576K
}
Event: 1022.111 GC heap before
{Heap before GC invocations=105 (full 0):
 garbage-first heap   total 406528K, used 316823K [0x0000000080000000, 0x0000000100000000)
  region size 1024K, 94 young (96256K), 1 survivors (1024K)
 Metaspace       used 139105K, committed 140224K, reserved 1179648K
  class space    used 18697K, committed 19200K, reserved 1048576K
}
Event: 1022.149 GC heap after
{Heap after GC invocations=106 (full 0):
 garbage-first heap   total 406528K, used 205833K [0x0000000080000000, 0x0000000100000000)
  region size 1024K, 11 young (11264K), 11 survivors (11264K)
 Metaspace       used 139105K, committed 140224K, reserved 1179648K
  class space    used 18697K, committed 19200K, reserved 1048576K
}
Event: 1022.401 GC heap before
{Heap before GC invocations=106 (full 0):
 garbage-first heap   total 406528K, used 214025K [0x0000000080000000, 0x0000000100000000)
  region size 1024K, 19 young (19456K), 11 survivors (11264K)
 Metaspace       used 139125K, committed 140224K, reserved 1179648K
  class space    used 18697K, committed 19200K, reserved 1048576K
}
Event: 1022.443 GC heap after
{Heap after GC invocations=107 (full 0):
 garbage-first heap   total 406528K, used 206413K [0x0000000080000000, 0x0000000100000000)
  region size 1024K, 3 young (3072K), 3 survivors (3072K)
 Metaspace       used 139125K, committed 140224K, reserved 1179648K
  class space    used 18697K, committed 19200K, reserved 1048576K
}
Event: 1024.973 GC heap before
{Heap before GC invocations=107 (full 0):
 garbage-first heap   total 406528K, used 342605K [0x0000000080000000, 0x0000000100000000)
  region size 1024K, 137 young (140288K), 3 survivors (3072K)
 Metaspace       used 142177K, committed 143232K, reserved 1179648K
  class space    used 19096K, committed 19584K, reserved 1048576K
}
Event: 1024.990 GC heap after
{Heap after GC invocations=108 (full 0):
 garbage-first heap   total 406528K, used 217318K [0x0000000080000000, 0x0000000100000000)
  region size 1024K, 13 young (13312K), 13 survivors (13312K)
 Metaspace       used 142177K, committed 143232K, reserved 1179648K
  class space    used 19096K, committed 19584K, reserved 1048576K
}
Event: 1041.961 GC heap before
{Heap before GC invocations=108 (full 0):
 garbage-first heap   total 406528K, used 339174K [0x0000000080000000, 0x0000000100000000)
  region size 1024K, 133 young (136192K), 13 survivors (13312K)
 Metaspace       used 146450K, committed 147648K, reserved 1179648K
  class space    used 19758K, committed 20352K, reserved 1048576K
}
Event: 1041.989 GC heap after
{Heap after GC invocations=109 (full 0):
 garbage-first heap   total 406528K, used 223758K [0x0000000080000000, 0x0000000100000000)
  region size 1024K, 7 young (7168K), 7 survivors (7168K)
 Metaspace       used 146450K, committed 147648K, reserved 1179648K
  class space    used 19758K, committed 20352K, reserved 1048576K
}
Event: 1043.668 GC heap before
{Heap before GC invocations=110 (full 0):
 garbage-first heap   total 406528K, used 341518K [0x0000000080000000, 0x0000000100000000)
  region size 1024K, 123 young (125952K), 7 survivors (7168K)
 Metaspace       used 156670K, committed 157888K, reserved 1245184K
  class space    used 21449K, committed 22016K, reserved 1048576K
}
Event: 1043.682 GC heap after
{Heap after GC invocations=111 (full 0):
 garbage-first heap   total 406528K, used 226536K [0x0000000080000000, 0x0000000100000000)
  region size 1024K, 10 young (10240K), 10 survivors (10240K)
 Metaspace       used 156670K, committed 157888K, reserved 1245184K
  class space    used 21449K, committed 22016K, reserved 1048576K
}
Event: 1043.735 GC heap before
{Heap before GC invocations=111 (full 0):
 garbage-first heap   total 406528K, used 234728K [0x0000000080000000, 0x0000000100000000)
  region size 1024K, 19 young (19456K), 10 survivors (10240K)
 Metaspace       used 157063K, committed 158272K, reserved 1245184K
  class space    used 21504K, committed 22080K, reserved 1048576K
}
Event: 1043.756 GC heap after
{Heap after GC invocations=112 (full 0):
 garbage-first heap   total 406528K, used 219670K [0x0000000080000000, 0x0000000100000000)
  region size 1024K, 3 young (3072K), 3 survivors (3072K)
 Metaspace       used 157063K, committed 158272K, reserved 1245184K
  class space    used 21504K, committed 22080K, reserved 1048576K
}
Event: 1045.035 GC heap before
{Heap before GC invocations=112 (full 0):
 garbage-first heap   total 406528K, used 303638K [0x0000000080000000, 0x0000000100000000)
  region size 1024K, 87 young (89088K), 3 survivors (3072K)
 Metaspace       used 160887K, committed 162176K, reserved 1245184K
  class space    used 22014K, committed 22656K, reserved 1048576K
}
Event: 1045.041 GC heap after
{Heap after GC invocations=113 (full 0):
 garbage-first heap   total 406528K, used 220231K [0x0000000080000000, 0x0000000100000000)
  region size 1024K, 4 young (4096K), 4 survivors (4096K)
 Metaspace       used 160887K, committed 162176K, reserved 1245184K
  class space    used 22014K, committed 22656K, reserved 1048576K
}
Event: 1114.183 GC heap before
{Heap before GC invocations=114 (full 0):
 garbage-first heap   total 409600K, used 361543K [0x0000000080000000, 0x0000000100000000)
  region size 1024K, 126 young (129024K), 4 survivors (4096K)
 Metaspace       used 161852K, committed 163136K, reserved 1245184K
  class space    used 22106K, committed 22720K, reserved 1048576K
}
Event: 1114.206 GC heap after
{Heap after GC invocations=115 (full 0):
 garbage-first heap   total 409600K, used 230560K [0x0000000080000000, 0x0000000100000000)
  region size 1024K, 14 young (14336K), 14 survivors (14336K)
 Metaspace       used 161852K, committed 163136K, reserved 1245184K
  class space    used 22106K, committed 22720K, reserved 1048576K
}
Event: 1116.677 GC heap before
{Heap before GC invocations=115 (full 0):
 garbage-first heap   total 409600K, used 236704K [0x0000000080000000, 0x0000000100000000)
  region size 1024K, 20 young (20480K), 14 survivors (14336K)
 Metaspace       used 161881K, committed 163136K, reserved 1245184K
  class space    used 22109K, committed 22720K, reserved 1048576K
}
Event: 1116.751 GC heap after
{Heap after GC invocations=116 (full 0):
 garbage-first heap   total 409600K, used 228533K [0x0000000080000000, 0x0000000100000000)
  region size 1024K, 2 young (2048K), 2 survivors (2048K)
 Metaspace       used 161881K, committed 163136K, reserved 1245184K
  class space    used 22109K, committed 22720K, reserved 1048576K
}

