# JRE version: OpenJDK Runtime Environment (17.0.10) (build 17.0.10+0--11609105)
# Java VM: OpenJDK 64-Bit Server VM (17.0.10+0--11609105, mixed mode, tiered, compressed oops, compressed class ptrs, g1 gc, windows-amd64)
GC Precious Log:
 CPUs: 8 total, 8 available
 Memory: 7952M
 Large Page Support: Disabled
 NUMA Support: Disabled
 Compressed Oops: Enabled (32-bit)
 Heap Region Size: 1M
 Heap Min Capacity: 8M
 Heap Initial Capacity: 126M
 Heap Max Capacity: 2G
 Pre-touch: Disabled
 Parallel Workers: 8
 Concurrent Workers: 2
 Concurrent Refinement Workers: 8
 Periodic GC: Disabled
Heap:
 garbage-first heap   total 199680K, used 156655K [0x0000000080000000, 0x0000000100000000)
  region size 1024K, 66 young (67584K), 4 survivors (4096K)
 Metaspace       used 100754K, committed 101504K, reserved 1179648K
  class space    used 14034K, committed 14400K, reserved 1048576K
GC Heap History (20 events):
Event: 10.259 GC heap before
{Heap before GC invocations=24 (full 0):
 garbage-first heap   total 165888K, used 117640K [0x0000000080000000, 0x0000000100000000)
  region size 1024K, 51 young (52224K), 5 survivors (5120K)
 Metaspace       used 72773K, committed 73408K, reserved 1114112K
  class space    used 9921K, committed 10240K, reserved 1048576K
}
Event: 10.266 GC heap after
{Heap after GC invocations=25 (full 0):
 garbage-first heap   total 165888K, used 74544K [0x0000000080000000, 0x0000000100000000)
  region size 1024K, 4 young (4096K), 4 survivors (4096K)
 Metaspace       used 72773K, committed 73408K, reserved 1114112K
  class space    used 9921K, committed 10240K, reserved 1048576K
}
Event: 10.792 GC heap before
{Heap before GC invocations=25 (full 0):
 garbage-first heap   total 165888K, used 120624K [0x0000000080000000, 0x0000000100000000)
  region size 1024K, 49 young (50176K), 4 survivors (4096K)
 Metaspace       used 77479K, committed 78144K, reserved 1179648K
  class space    used 10573K, committed 10880K, reserved 1048576K
}
Event: 10.797 GC heap after
{Heap after GC invocations=26 (full 0):
 garbage-first heap   total 165888K, used 76326K [0x0000000080000000, 0x0000000100000000)
  region size 1024K, 6 young (6144K), 6 survivors (6144K)
 Metaspace       used 77479K, committed 78144K, reserved 1179648K
  class space    used 10573K, committed 10880K, reserved 1048576K
}
Event: 11.459 GC heap before
{Heap before GC invocations=26 (full 0):
 garbage-first heap   total 165888K, used 123430K [0x0000000080000000, 0x0000000100000000)
  region size 1024K, 52 young (53248K), 6 survivors (6144K)
 Metaspace       used 79695K, committed 80384K, reserved 1179648K
  class space    used 10859K, committed 11200K, reserved 1048576K
}
Event: 11.466 GC heap after
{Heap after GC invocations=27 (full 0):
 garbage-first heap   total 165888K, used 79272K [0x0000000080000000, 0x0000000100000000)
  region size 1024K, 5 young (5120K), 5 survivors (5120K)
 Metaspace       used 79695K, committed 80384K, reserved 1179648K
  class space    used 10859K, committed 11200K, reserved 1048576K
}
Event: 11.721 GC heap before
{Heap before GC invocations=27 (full 0):
 garbage-first heap   total 165888K, used 104872K [0x0000000080000000, 0x0000000100000000)
  region size 1024K, 31 young (31744K), 5 survivors (5120K)
 Metaspace       used 81469K, committed 82112K, reserved 1179648K
  class space    used 11116K, committed 11392K, reserved 1048576K
}
Event: 11.726 GC heap after
{Heap after GC invocations=28 (full 0):
 garbage-first heap   total 165888K, used 80634K [0x0000000080000000, 0x0000000100000000)
  region size 1024K, 5 young (5120K), 5 survivors (5120K)
 Metaspace       used 81469K, committed 82112K, reserved 1179648K
  class space    used 11116K, committed 11392K, reserved 1048576K
}
Event: 12.305 GC heap before
{Heap before GC invocations=29 (full 0):
 garbage-first heap   total 165888K, used 130810K [0x0000000080000000, 0x0000000100000000)
  region size 1024K, 53 young (54272K), 5 survivors (5120K)
 Metaspace       used 84877K, committed 85504K, reserved 1179648K
  class space    used 11777K, committed 12096K, reserved 1048576K
}
Event: 12.311 GC heap after
{Heap after GC invocations=30 (full 0):
 garbage-first heap   total 165888K, used 82208K [0x0000000080000000, 0x0000000100000000)
  region size 1024K, 3 young (3072K), 3 survivors (3072K)
 Metaspace       used 84877K, committed 85504K, reserved 1179648K
  class space    used 11777K, committed 12096K, reserved 1048576K
}
Event: 12.366 GC heap before
{Heap before GC invocations=30 (full 0):
 garbage-first heap   total 165888K, used 86304K [0x0000000080000000, 0x0000000100000000)
  region size 1024K, 8 young (8192K), 3 survivors (3072K)
 Metaspace       used 85224K, committed 85888K, reserved 1179648K
  class space    used 11836K, committed 12160K, reserved 1048576K
}
Event: 12.370 GC heap after
{Heap after GC invocations=31 (full 0):
 garbage-first heap   total 165888K, used 82041K [0x0000000080000000, 0x0000000100000000)
  region size 1024K, 1 young (1024K), 1 survivors (1024K)
 Metaspace       used 85224K, committed 85888K, reserved 1179648K
  class space    used 11836K, committed 12160K, reserved 1048576K
}
Event: 12.963 GC heap before
{Heap before GC invocations=31 (full 0):
 garbage-first heap   total 165888K, used 132217K [0x0000000080000000, 0x0000000100000000)
  region size 1024K, 50 young (51200K), 1 survivors (1024K)
 Metaspace       used 88688K, committed 89408K, reserved 1179648K
  class space    used 12333K, committed 12672K, reserved 1048576K
}
Event: 12.969 GC heap after
{Heap after GC invocations=32 (full 0):
 garbage-first heap   total 165888K, used 84136K [0x0000000080000000, 0x0000000100000000)
  region size 1024K, 3 young (3072K), 3 survivors (3072K)
 Metaspace       used 88688K, committed 89408K, reserved 1179648K
  class space    used 12333K, committed 12672K, reserved 1048576K
}
Event: 13.669 GC heap before
{Heap before GC invocations=33 (full 0):
 garbage-first heap   total 165888K, used 134312K [0x0000000080000000, 0x0000000100000000)
  region size 1024K, 52 young (53248K), 3 survivors (3072K)
 Metaspace       used 92800K, committed 93504K, reserved 1179648K
  class space    used 12993K, committed 13312K, reserved 1048576K
}
Event: 13.675 GC heap after
{Heap after GC invocations=34 (full 0):
 garbage-first heap   total 165888K, used 86227K [0x0000000080000000, 0x0000000100000000)
  region size 1024K, 5 young (5120K), 5 survivors (5120K)
 Metaspace       used 92800K, committed 93504K, reserved 1179648K
  class space    used 12993K, committed 13312K, reserved 1048576K
}
Event: 13.747 GC heap before
{Heap before GC invocations=34 (full 0):
 garbage-first heap   total 165888K, used 88275K [0x0000000080000000, 0x0000000100000000)
  region size 1024K, 8 young (8192K), 5 survivors (5120K)
 Metaspace       used 93902K, committed 94592K, reserved 1179648K
  class space    used 13114K, committed 13440K, reserved 1048576K
}
Event: 13.753 GC heap after
{Heap after GC invocations=35 (full 0):
 garbage-first heap   total 165888K, used 86960K [0x0000000080000000, 0x0000000100000000)
  region size 1024K, 1 young (1024K), 1 survivors (1024K)
 Metaspace       used 93902K, committed 94592K, reserved 1179648K
  class space    used 13114K, committed 13440K, reserved 1048576K
}
Event: 14.355 GC heap before
{Heap before GC invocations=35 (full 0):
 garbage-first heap   total 165888K, used 135088K [0x0000000080000000, 0x0000000100000000)
  region size 1024K, 49 young (50176K), 1 survivors (1024K)
 Metaspace       used 97213K, committed 97920K, reserved 1179648K
  class space    used 13611K, committed 13952K, reserved 1048576K
}
Event: 14.361 GC heap after
{Heap after GC invocations=36 (full 0):
 garbage-first heap   total 199680K, used 90095K [0x0000000080000000, 0x0000000100000000)
  region size 1024K, 4 young (4096K), 4 survivors (4096K)
 Metaspace       used 97213K, committed 97920K, reserved 1179648K
  class space    used 13611K, committed 13952K, reserved 1048576K
}

