# JRE version: OpenJDK Runtime Environment (17.0.10) (build 17.0.10+0--11609105)
# Java VM: OpenJDK 64-Bit Server VM (17.0.10+0--11609105, mixed mode, tiered, compressed oops, compressed class ptrs, g1 gc, windows-amd64)
GC Precious Log:
 CPUs: 8 total, 8 available
 Memory: 7952M
 Large Page Support: Disabled
 NUMA Support: Disabled
 Compressed Oops: Enabled (32-bit)
 Heap Region Size: 1M
 Heap Min Capacity: 8M
 Heap Initial Capacity: 126M
 Heap Max Capacity: 2G
 Pre-touch: Disabled
 Parallel Workers: 8
 Concurrent Workers: 2
 Concurrent Refinement Workers: 8
 Periodic GC: Disabled
Heap:
 garbage-first heap   total 225280K, used 175342K [0x0000000080000000, 0x0000000100000000)
  region size 1024K, 103 young (105472K), 6 survivors (6144K)
 Metaspace       used 82507K, committed 83136K, reserved 1179648K
  class space    used 11259K, committed 11584K, reserved 1048576K
GC Heap History (20 events):
Event: 7.673 GC heap before
{Heap before GC invocations=15 (full 0):
 garbage-first heap   total 86016K, used 44522K [0x0000000080000000, 0x0000000100000000)
  region size 1024K, 9 young (9216K), 5 survivors (5120K)
 Metaspace       used 55986K, committed 56576K, reserved 1114112K
  class space    used 7680K, committed 7936K, reserved 1048576K
}
Event: 7.678 GC heap after
{Heap after GC invocations=16 (full 0):
 garbage-first heap   total 86016K, used 43436K [0x0000000080000000, 0x0000000100000000)
  region size 1024K, 2 young (2048K), 2 survivors (2048K)
 Metaspace       used 55986K, committed 56576K, reserved 1114112K
  class space    used 7680K, committed 7936K, reserved 1048576K
}
Event: 7.986 GC heap before
{Heap before GC invocations=17 (full 0):
 garbage-first heap   total 89088K, used 78252K [0x0000000080000000, 0x0000000100000000)
  region size 1024K, 26 young (26624K), 2 survivors (2048K)
 Metaspace       used 57156K, committed 57728K, reserved 1114112K
  class space    used 7845K, committed 8128K, reserved 1048576K
}
Event: 7.989 GC heap after
{Heap after GC invocations=18 (full 0):
 garbage-first heap   total 89088K, used 60010K [0x0000000080000000, 0x0000000100000000)
  region size 1024K, 4 young (4096K), 4 survivors (4096K)
 Metaspace       used 57156K, committed 57728K, reserved 1114112K
  class space    used 7845K, committed 8128K, reserved 1048576K
}
Event: 7.997 GC heap before
{Heap before GC invocations=18 (full 0):
 garbage-first heap   total 89088K, used 62058K [0x0000000080000000, 0x0000000100000000)
  region size 1024K, 5 young (5120K), 4 survivors (4096K)
 Metaspace       used 57204K, committed 57792K, reserved 1114112K
  class space    used 7851K, committed 8128K, reserved 1048576K
}
Event: 8.000 GC heap after
{Heap after GC invocations=19 (full 0):
 garbage-first heap   total 107520K, used 61553K [0x0000000080000000, 0x0000000100000000)
  region size 1024K, 1 young (1024K), 1 survivors (1024K)
 Metaspace       used 57204K, committed 57792K, reserved 1114112K
  class space    used 7851K, committed 8128K, reserved 1048576K
}
Event: 8.226 GC heap before
{Heap before GC invocations=19 (full 0):
 garbage-first heap   total 107520K, used 83057K [0x0000000080000000, 0x0000000100000000)
  region size 1024K, 23 young (23552K), 1 survivors (1024K)
 Metaspace       used 59032K, committed 59648K, reserved 1114112K
  class space    used 8101K, committed 8384K, reserved 1048576K
}
Event: 8.228 GC heap after
{Heap after GC invocations=20 (full 0):
 garbage-first heap   total 107520K, used 61985K [0x0000000080000000, 0x0000000100000000)
  region size 1024K, 1 young (1024K), 1 survivors (1024K)
 Metaspace       used 59032K, committed 59648K, reserved 1114112K
  class space    used 8101K, committed 8384K, reserved 1048576K
}
Event: 8.539 GC heap before
{Heap before GC invocations=21 (full 0):
 garbage-first heap   total 109568K, used 85537K [0x0000000080000000, 0x0000000100000000)
  region size 1024K, 25 young (25600K), 1 survivors (1024K)
 Metaspace       used 61393K, committed 61952K, reserved 1114112K
  class space    used 8376K, committed 8640K, reserved 1048576K
}
Event: 8.542 GC heap after
{Heap after GC invocations=22 (full 0):
 garbage-first heap   total 109568K, used 62604K [0x0000000080000000, 0x0000000100000000)
  region size 1024K, 2 young (2048K), 2 survivors (2048K)
 Metaspace       used 61393K, committed 61952K, reserved 1114112K
  class space    used 8376K, committed 8640K, reserved 1048576K
}
Event: 8.566 GC heap before
{Heap before GC invocations=22 (full 0):
 garbage-first heap   total 109568K, used 65676K [0x0000000080000000, 0x0000000100000000)
  region size 1024K, 5 young (5120K), 2 survivors (2048K)
 Metaspace       used 61685K, committed 62336K, reserved 1114112K
  class space    used 8414K, committed 8704K, reserved 1048576K
}
Event: 8.568 GC heap after
{Heap after GC invocations=23 (full 0):
 garbage-first heap   total 109568K, used 61989K [0x0000000080000000, 0x0000000100000000)
  region size 1024K, 1 young (1024K), 1 survivors (1024K)
 Metaspace       used 61685K, committed 62336K, reserved 1114112K
  class space    used 8414K, committed 8704K, reserved 1048576K
}
Event: 9.234 GC heap before
{Heap before GC invocations=23 (full 0):
 garbage-first heap   total 109568K, used 88613K [0x0000000080000000, 0x0000000100000000)
  region size 1024K, 27 young (27648K), 1 survivors (1024K)
 Metaspace       used 64530K, committed 65088K, reserved 1114112K
  class space    used 8825K, committed 9088K, reserved 1048576K
}
Event: 9.238 GC heap after
{Heap after GC invocations=24 (full 0):
 garbage-first heap   total 109568K, used 62780K [0x0000000080000000, 0x0000000100000000)
  region size 1024K, 1 young (1024K), 1 survivors (1024K)
 Metaspace       used 64530K, committed 65088K, reserved 1114112K
  class space    used 8825K, committed 9088K, reserved 1048576K
}
Event: 9.747 GC heap before
{Heap before GC invocations=25 (full 0):
 garbage-first heap   total 112640K, used 96572K [0x0000000080000000, 0x0000000100000000)
  region size 1024K, 28 young (28672K), 1 survivors (1024K)
 Metaspace       used 66514K, committed 67072K, reserved 1114112K
  class space    used 9093K, committed 9344K, reserved 1048576K
}
Event: 9.753 GC heap after
{Heap after GC invocations=26 (full 0):
 garbage-first heap   total 112640K, used 66471K [0x0000000080000000, 0x0000000100000000)
  region size 1024K, 4 young (4096K), 4 survivors (4096K)
 Metaspace       used 66514K, committed 67072K, reserved 1114112K
  class space    used 9093K, committed 9344K, reserved 1048576K
}
Event: 9.772 GC heap before
{Heap before GC invocations=26 (full 0):
 garbage-first heap   total 112640K, used 67495K [0x0000000080000000, 0x0000000100000000)
  region size 1024K, 5 young (5120K), 4 survivors (4096K)
 Metaspace       used 66556K, committed 67136K, reserved 1114112K
  class space    used 9105K, committed 9408K, reserved 1048576K
}
Event: 9.781 GC heap after
{Heap after GC invocations=27 (full 0):
 garbage-first heap   total 225280K, used 66349K [0x0000000080000000, 0x0000000100000000)
  region size 1024K, 1 young (1024K), 1 survivors (1024K)
 Metaspace       used 66556K, committed 67136K, reserved 1114112K
  class space    used 9105K, committed 9408K, reserved 1048576K
}
Event: 11.685 GC heap before
{Heap before GC invocations=27 (full 0):
 garbage-first heap   total 225280K, used 181037K [0x0000000080000000, 0x0000000100000000)
  region size 1024K, 109 young (111616K), 1 survivors (1024K)
 Metaspace       used 76878K, committed 77568K, reserved 1179648K
  class space    used 10484K, committed 10816K, reserved 1048576K
}
Event: 11.692 GC heap after
{Heap after GC invocations=28 (full 0):
 garbage-first heap   total 225280K, used 76014K [0x0000000080000000, 0x0000000100000000)
  region size 1024K, 6 young (6144K), 6 survivors (6144K)
 Metaspace       used 76878K, committed 77568K, reserved 1179648K
  class space    used 10484K, committed 10816K, reserved 1048576K
}

