# JRE version: OpenJDK Runtime Environment (17.0.10) (build 17.0.10+0--11609105)
# Java VM: OpenJDK 64-Bit Server VM (17.0.10+0--11609105, mixed mode, tiered, compressed oops, compressed class ptrs, g1 gc, windows-amd64)
GC Precious Log:
 CPUs: 8 total, 8 available
 Memory: 7952M
 Large Page Support: Disabled
 NUMA Support: Disabled
 Compressed Oops: Enabled (32-bit)
 Heap Region Size: 1M
 Heap Min Capacity: 8M
 Heap Initial Capacity: 126M
 Heap Max Capacity: 2G
 Pre-touch: Disabled
 Parallel Workers: 8
 Concurrent Workers: 2
 Concurrent Refinement Workers: 8
 Periodic GC: Disabled
Heap:
 garbage-first heap   total 139264K, used 80714K [0x0000000080000000, 0x0000000100000000)
  region size 1024K, 3 young (3072K), 3 survivors (3072K)
 Metaspace       used 82695K, committed 83328K, reserved 1179648K
  class space    used 11320K, committed 11648K, reserved 1048576K
GC Heap History (20 events):
Event: 8.595 GC heap after
{Heap after GC invocations=26 (full 0):
 garbage-first heap   total 139264K, used 63384K [0x0000000080000000, 0x0000000100000000)
  region size 1024K, 3 young (3072K), 3 survivors (3072K)
 Metaspace       used 66160K, committed 66816K, reserved 1114112K
  class space    used 9030K, committed 9344K, reserved 1048576K
}
Event: 8.604 GC heap before
{Heap before GC invocations=26 (full 0):
 garbage-first heap   total 139264K, used 67480K [0x0000000080000000, 0x0000000100000000)
  region size 1024K, 6 young (6144K), 3 survivors (3072K)
 Metaspace       used 66160K, committed 66816K, reserved 1114112K
  class space    used 9030K, committed 9344K, reserved 1048576K
}
Event: 8.608 GC heap after
{Heap after GC invocations=27 (full 0):
 garbage-first heap   total 139264K, used 65175K [0x0000000080000000, 0x0000000100000000)
  region size 1024K, 1 young (1024K), 1 survivors (1024K)
 Metaspace       used 66160K, committed 66816K, reserved 1114112K
  class space    used 9030K, committed 9344K, reserved 1048576K
}
Event: 8.611 GC heap before
{Heap before GC invocations=27 (full 0):
 garbage-first heap   total 139264K, used 65175K [0x0000000080000000, 0x0000000100000000)
  region size 1024K, 2 young (2048K), 1 survivors (1024K)
 Metaspace       used 66160K, committed 66816K, reserved 1114112K
  class space    used 9030K, committed 9344K, reserved 1048576K
}
Event: 8.613 GC heap after
{Heap after GC invocations=28 (full 0):
 garbage-first heap   total 139264K, used 65941K [0x0000000080000000, 0x0000000100000000)
  region size 1024K, 2 young (2048K), 2 survivors (2048K)
 Metaspace       used 66160K, committed 66816K, reserved 1114112K
  class space    used 9030K, committed 9344K, reserved 1048576K
}
Event: 8.974 GC heap before
{Heap before GC invocations=29 (full 0):
 garbage-first heap   total 139264K, used 100757K [0x0000000080000000, 0x0000000100000000)
  region size 1024K, 31 young (31744K), 2 survivors (2048K)
 Metaspace       used 67729K, committed 68288K, reserved 1114112K
  class space    used 9239K, committed 9536K, reserved 1048576K
}
Event: 8.977 GC heap after
{Heap after GC invocations=30 (full 0):
 garbage-first heap   total 139264K, used 66312K [0x0000000080000000, 0x0000000100000000)
  region size 1024K, 4 young (4096K), 4 survivors (4096K)
 Metaspace       used 67729K, committed 68288K, reserved 1114112K
  class space    used 9239K, committed 9536K, reserved 1048576K
}
Event: 8.999 GC heap before
{Heap before GC invocations=30 (full 0):
 garbage-first heap   total 139264K, used 68360K [0x0000000080000000, 0x0000000100000000)
  region size 1024K, 6 young (6144K), 4 survivors (4096K)
 Metaspace       used 67843K, committed 68416K, reserved 1114112K
  class space    used 9265K, committed 9536K, reserved 1048576K
}
Event: 9.001 GC heap after
{Heap after GC invocations=31 (full 0):
 garbage-first heap   total 139264K, used 66372K [0x0000000080000000, 0x0000000100000000)
  region size 1024K, 1 young (1024K), 1 survivors (1024K)
 Metaspace       used 67843K, committed 68416K, reserved 1114112K
  class space    used 9265K, committed 9536K, reserved 1048576K
}
Event: 9.360 GC heap before
{Heap before GC invocations=31 (full 0):
 garbage-first heap   total 139264K, used 98116K [0x0000000080000000, 0x0000000100000000)
  region size 1024K, 32 young (32768K), 1 survivors (1024K)
 Metaspace       used 70080K, committed 70720K, reserved 1114112K
  class space    used 9552K, committed 9856K, reserved 1048576K
}
Event: 9.363 GC heap after
{Heap after GC invocations=32 (full 0):
 garbage-first heap   total 139264K, used 67696K [0x0000000080000000, 0x0000000100000000)
  region size 1024K, 2 young (2048K), 2 survivors (2048K)
 Metaspace       used 70080K, committed 70720K, reserved 1114112K
  class space    used 9552K, committed 9856K, reserved 1048576K
}
Event: 9.850 GC heap before
{Heap before GC invocations=33 (full 0):
 garbage-first heap   total 139264K, used 106608K [0x0000000080000000, 0x0000000100000000)
  region size 1024K, 36 young (36864K), 2 survivors (2048K)
 Metaspace       used 73422K, committed 74048K, reserved 1114112K
  class space    used 10029K, committed 10368K, reserved 1048576K
}
Event: 9.853 GC heap after
{Heap after GC invocations=34 (full 0):
 garbage-first heap   total 139264K, used 74212K [0x0000000080000000, 0x0000000100000000)
  region size 1024K, 5 young (5120K), 5 survivors (5120K)
 Metaspace       used 73422K, committed 74048K, reserved 1114112K
  class space    used 10029K, committed 10368K, reserved 1048576K
}
Event: 10.227 GC heap before
{Heap before GC invocations=34 (full 0):
 garbage-first heap   total 139264K, used 105956K [0x0000000080000000, 0x0000000100000000)
  region size 1024K, 36 young (36864K), 5 survivors (5120K)
 Metaspace       used 77027K, committed 77632K, reserved 1179648K
  class space    used 10520K, committed 10816K, reserved 1048576K
}
Event: 10.234 GC heap after
{Heap after GC invocations=35 (full 0):
 garbage-first heap   total 139264K, used 75967K [0x0000000080000000, 0x0000000100000000)
  region size 1024K, 5 young (5120K), 5 survivors (5120K)
 Metaspace       used 77027K, committed 77632K, reserved 1179648K
  class space    used 10520K, committed 10816K, reserved 1048576K
}
Event: 10.884 GC heap before
{Heap before GC invocations=35 (full 0):
 garbage-first heap   total 139264K, used 107711K [0x0000000080000000, 0x0000000100000000)
  region size 1024K, 36 young (36864K), 5 survivors (5120K)
 Metaspace       used 79139K, committed 79808K, reserved 1179648K
  class space    used 10802K, committed 11136K, reserved 1048576K
}
Event: 10.891 GC heap after
{Heap after GC invocations=36 (full 0):
 garbage-first heap   total 139264K, used 77961K [0x0000000080000000, 0x0000000100000000)
  region size 1024K, 4 young (4096K), 4 survivors (4096K)
 Metaspace       used 79139K, committed 79808K, reserved 1179648K
  class space    used 10802K, committed 11136K, reserved 1048576K
}
Event: 11.476 GC heap before
{Heap before GC invocations=36 (full 0):
 garbage-first heap   total 139264K, used 109705K [0x0000000080000000, 0x0000000100000000)
  region size 1024K, 36 young (36864K), 4 survivors (4096K)
 Metaspace       used 80550K, committed 81152K, reserved 1179648K
  class space    used 10986K, committed 11328K, reserved 1048576K
}
Event: 11.483 GC heap after
{Heap after GC invocations=37 (full 0):
 garbage-first heap   total 139264K, used 79419K [0x0000000080000000, 0x0000000100000000)
  region size 1024K, 4 young (4096K), 4 survivors (4096K)
 Metaspace       used 80550K, committed 81152K, reserved 1179648K
  class space    used 10986K, committed 11328K, reserved 1048576K
}
Event: 12.035 GC heap before
{Heap before GC invocations=37 (full 0):
 garbage-first heap   total 139264K, used 113211K [0x0000000080000000, 0x0000000100000000)
  region size 1024K, 36 young (36864K), 4 survivors (4096K)
 Metaspace       used 82695K, committed 83328K, reserved 1179648K
  class space    used 11320K, committed 11648K, reserved 1048576K
}

