# JRE version: OpenJDK Runtime Environment (17.0.10) (build 17.0.10+0--11609105)
# Java VM: OpenJDK 64-Bit Server VM (17.0.10+0--11609105, mixed mode, tiered, compressed oops, compressed class ptrs, g1 gc, windows-amd64)
GC Precious Log:
 CPUs: 8 total, 8 available
 Memory: 7952M
 Large Page Support: Disabled
 NUMA Support: Disabled
 Compressed Oops: Enabled (32-bit)
 Heap Region Size: 1M
 Heap Min Capacity: 8M
 Heap Initial Capacity: 126M
 Heap Max Capacity: 2G
 Pre-touch: Disabled
 Parallel Workers: 8
 Concurrent Workers: 2
 Concurrent Refinement Workers: 8
 Periodic GC: Disabled
Heap:
 garbage-first heap   total 133120K, used 78711K [0x0000000080000000, 0x0000000100000000)
  region size 1024K, 3 young (3072K), 3 survivors (3072K)
 Metaspace       used 81904K, committed 82560K, reserved 1179648K
  class space    used 11139K, committed 11456K, reserved 1048576K
GC Heap History (20 events):
Event: 7.853 GC heap after
{Heap after GC invocations=21 (full 0):
 garbage-first heap   total 90112K, used 61858K [0x0000000080000000, 0x0000000100000000)
  region size 1024K, 1 young (1024K), 1 survivors (1024K)
 Metaspace       used 61446K, committed 61952K, reserved 1114112K
  class space    used 8364K, committed 8576K, reserved 1048576K
}
Event: 7.864 GC heap before
{Heap before GC invocations=21 (full 0):
 garbage-first heap   total 90112K, used 62882K [0x0000000080000000, 0x0000000100000000)
  region size 1024K, 3 young (3072K), 1 survivors (1024K)
 Metaspace       used 61513K, committed 62016K, reserved 1114112K
  class space    used 8371K, committed 8576K, reserved 1048576K
}
Event: 7.865 GC heap after
{Heap after GC invocations=22 (full 0):
 garbage-first heap   total 130048K, used 61657K [0x0000000080000000, 0x0000000100000000)
  region size 1024K, 1 young (1024K), 1 survivors (1024K)
 Metaspace       used 61513K, committed 62016K, reserved 1114112K
  class space    used 8371K, committed 8576K, reserved 1048576K
}
Event: 9.334 GC heap before
{Heap before GC invocations=23 (full 0):
 garbage-first heap   total 130048K, used 96473K [0x0000000080000000, 0x0000000100000000)
  region size 1024K, 34 young (34816K), 1 survivors (1024K)
 Metaspace       used 64294K, committed 64832K, reserved 1114112K
  class space    used 8760K, committed 9024K, reserved 1048576K
}
Event: 9.337 GC heap after
{Heap after GC invocations=24 (full 0):
 garbage-first heap   total 130048K, used 63699K [0x0000000080000000, 0x0000000100000000)
  region size 1024K, 2 young (2048K), 2 survivors (2048K)
 Metaspace       used 64294K, committed 64832K, reserved 1114112K
  class space    used 8760K, committed 9024K, reserved 1048576K
}
Event: 9.441 GC heap before
{Heap before GC invocations=24 (full 0):
 garbage-first heap   total 130048K, used 67795K [0x0000000080000000, 0x0000000100000000)
  region size 1024K, 6 young (6144K), 2 survivors (2048K)
 Metaspace       used 64651K, committed 65216K, reserved 1114112K
  class space    used 8808K, committed 9088K, reserved 1048576K
}
Event: 9.445 GC heap after
{Heap after GC invocations=25 (full 0):
 garbage-first heap   total 130048K, used 63241K [0x0000000080000000, 0x0000000100000000)
  region size 1024K, 1 young (1024K), 1 survivors (1024K)
 Metaspace       used 64651K, committed 65216K, reserved 1114112K
  class space    used 8808K, committed 9088K, reserved 1048576K
}
Event: 10.498 GC heap before
{Heap before GC invocations=25 (full 0):
 garbage-first heap   total 130048K, used 99081K [0x0000000080000000, 0x0000000100000000)
  region size 1024K, 36 young (36864K), 1 survivors (1024K)
 Metaspace       used 68594K, committed 69184K, reserved 1114112K
  class space    used 9308K, committed 9600K, reserved 1048576K
}
Event: 10.501 GC heap after
{Heap after GC invocations=26 (full 0):
 garbage-first heap   total 130048K, used 64126K [0x0000000080000000, 0x0000000100000000)
  region size 1024K, 2 young (2048K), 2 survivors (2048K)
 Metaspace       used 68594K, committed 69184K, reserved 1114112K
  class space    used 9308K, committed 9600K, reserved 1048576K
}
Event: 11.090 GC heap before
{Heap before GC invocations=27 (full 0):
 garbage-first heap   total 130048K, used 107134K [0x0000000080000000, 0x0000000100000000)
  region size 1024K, 38 young (38912K), 2 survivors (2048K)
 Metaspace       used 70607K, committed 71232K, reserved 1114112K
  class space    used 9598K, committed 9920K, reserved 1048576K
}
Event: 11.094 GC heap after
{Heap after GC invocations=28 (full 0):
 garbage-first heap   total 130048K, used 68425K [0x0000000080000000, 0x0000000100000000)
  region size 1024K, 5 young (5120K), 5 survivors (5120K)
 Metaspace       used 70607K, committed 71232K, reserved 1114112K
  class space    used 9598K, committed 9920K, reserved 1048576K
}
Event: 11.113 GC heap before
{Heap before GC invocations=28 (full 0):
 garbage-first heap   total 130048K, used 69449K [0x0000000080000000, 0x0000000100000000)
  region size 1024K, 6 young (6144K), 5 survivors (5120K)
 Metaspace       used 70744K, committed 71360K, reserved 1114112K
  class space    used 9609K, committed 9920K, reserved 1048576K
}
Event: 11.116 GC heap after
{Heap after GC invocations=29 (full 0):
 garbage-first heap   total 130048K, used 68096K [0x0000000080000000, 0x0000000100000000)
  region size 1024K, 1 young (1024K), 1 survivors (1024K)
 Metaspace       used 70744K, committed 71360K, reserved 1114112K
  class space    used 9609K, committed 9920K, reserved 1048576K
}
Event: 11.557 GC heap before
{Heap before GC invocations=29 (full 0):
 garbage-first heap   total 130048K, used 101888K [0x0000000080000000, 0x0000000100000000)
  region size 1024K, 34 young (34816K), 1 survivors (1024K)
 Metaspace       used 73098K, committed 73728K, reserved 1114112K
  class space    used 9920K, committed 10240K, reserved 1048576K
}
Event: 11.562 GC heap after
{Heap after GC invocations=30 (full 0):
 garbage-first heap   total 130048K, used 69462K [0x0000000080000000, 0x0000000100000000)
  region size 1024K, 2 young (2048K), 2 survivors (2048K)
 Metaspace       used 73098K, committed 73728K, reserved 1114112K
  class space    used 9920K, committed 10240K, reserved 1048576K
}
Event: 12.047 GC heap before
{Heap before GC invocations=31 (full 0):
 garbage-first heap   total 130048K, used 108374K [0x0000000080000000, 0x0000000100000000)
  region size 1024K, 36 young (36864K), 2 survivors (2048K)
 Metaspace       used 76338K, committed 76992K, reserved 1179648K
  class space    used 10364K, committed 10688K, reserved 1048576K
}
Event: 12.052 GC heap after
{Heap after GC invocations=32 (full 0):
 garbage-first heap   total 130048K, used 76433K [0x0000000080000000, 0x0000000100000000)
  region size 1024K, 5 young (5120K), 5 survivors (5120K)
 Metaspace       used 76338K, committed 76992K, reserved 1179648K
  class space    used 10364K, committed 10688K, reserved 1048576K
}
Event: 12.317 GC heap before
{Heap before GC invocations=32 (full 0):
 garbage-first heap   total 130048K, used 106129K [0x0000000080000000, 0x0000000100000000)
  region size 1024K, 34 young (34816K), 5 survivors (5120K)
 Metaspace       used 79673K, committed 80320K, reserved 1179648K
  class space    used 10821K, committed 11136K, reserved 1048576K
}
Event: 12.322 GC heap after
{Heap after GC invocations=33 (full 0):
 garbage-first heap   total 130048K, used 77581K [0x0000000080000000, 0x0000000100000000)
  region size 1024K, 2 young (2048K), 2 survivors (2048K)
 Metaspace       used 79673K, committed 80320K, reserved 1179648K
  class space    used 10821K, committed 11136K, reserved 1048576K
}
Event: 12.676 GC heap before
{Heap before GC invocations=33 (full 0):
 garbage-first heap   total 130048K, used 107277K [0x0000000080000000, 0x0000000100000000)
  region size 1024K, 31 young (31744K), 2 survivors (2048K)
 Metaspace       used 81904K, committed 82560K, reserved 1179648K
  class space    used 11139K, committed 11456K, reserved 1048576K
}

