# JRE version: OpenJDK Runtime Environment (17.0.10) (build 17.0.10+0--11609105)
# Java VM: OpenJDK 64-Bit Server VM (17.0.10+0--11609105, mixed mode, tiered, compressed oops, compressed class ptrs, g1 gc, windows-amd64)
GC Precious Log:
 CPUs: 8 total, 8 available
 Memory: 7952M
 Large Page Support: Disabled
 NUMA Support: Disabled
 Compressed Oops: Enabled (32-bit)
 Heap Region Size: 1M
 Heap Min Capacity: 8M
 Heap Initial Capacity: 126M
 Heap Max Capacity: 2G
 Pre-touch: Disabled
 Parallel Workers: 8
 Concurrent Workers: 2
 Concurrent Refinement Workers: 8
 Periodic GC: Disabled
Heap:
 garbage-first heap   total 215040K, used 166805K [0x0000000080000000, 0x0000000100000000)
  region size 1024K, 95 young (97280K), 1 survivors (1024K)
 Metaspace       used 78570K, committed 79168K, reserved 1179648K
  class space    used 10724K, committed 11008K, reserved 1048576K
GC Heap History (20 events):
Event: 7.776 GC heap before
{Heap before GC invocations=14 (full 0):
 garbage-first heap   total 86016K, used 67265K [0x0000000080000000, 0x0000000100000000)
  region size 1024K, 36 young (36864K), 4 survivors (4096K)
 Metaspace       used 55720K, committed 56192K, reserved 1114112K
  class space    used 7652K, committed 7872K, reserved 1048576K
}
Event: 7.782 GC heap after
{Heap after GC invocations=15 (full 0):
 garbage-first heap   total 86016K, used 39016K [0x0000000080000000, 0x0000000100000000)
  region size 1024K, 5 young (5120K), 5 survivors (5120K)
 Metaspace       used 55720K, committed 56192K, reserved 1114112K
  class space    used 7652K, committed 7872K, reserved 1048576K
}
Event: 7.931 GC heap before
{Heap before GC invocations=15 (full 0):
 garbage-first heap   total 86016K, used 50280K [0x0000000080000000, 0x0000000100000000)
  region size 1024K, 14 young (14336K), 5 survivors (5120K)
 Metaspace       used 56015K, committed 56512K, reserved 1114112K
  class space    used 7689K, committed 7936K, reserved 1048576K
}
Event: 7.937 GC heap after
{Heap after GC invocations=16 (full 0):
 garbage-first heap   total 86016K, used 45631K [0x0000000080000000, 0x0000000100000000)
  region size 1024K, 3 young (3072K), 3 survivors (3072K)
 Metaspace       used 56015K, committed 56512K, reserved 1114112K
  class space    used 7689K, committed 7936K, reserved 1048576K
}
Event: 8.225 GC heap before
{Heap before GC invocations=17 (full 0):
 garbage-first heap   total 87040K, used 76351K [0x0000000080000000, 0x0000000100000000)
  region size 1024K, 25 young (25600K), 3 survivors (3072K)
 Metaspace       used 57067K, committed 57600K, reserved 1114112K
  class space    used 7842K, committed 8128K, reserved 1048576K
}
Event: 8.229 GC heap after
{Heap after GC invocations=18 (full 0):
 garbage-first heap   total 87040K, used 59154K [0x0000000080000000, 0x0000000100000000)
  region size 1024K, 4 young (4096K), 4 survivors (4096K)
 Metaspace       used 57067K, committed 57600K, reserved 1114112K
  class space    used 7842K, committed 8128K, reserved 1048576K
}
Event: 8.235 GC heap before
{Heap before GC invocations=18 (full 0):
 garbage-first heap   total 87040K, used 60178K [0x0000000080000000, 0x0000000100000000)
  region size 1024K, 5 young (5120K), 4 survivors (4096K)
 Metaspace       used 57109K, committed 57600K, reserved 1114112K
  class space    used 7846K, committed 8128K, reserved 1048576K
}
Event: 8.239 GC heap after
{Heap after GC invocations=19 (full 0):
 garbage-first heap   total 87040K, used 60057K [0x0000000080000000, 0x0000000100000000)
  region size 1024K, 1 young (1024K), 1 survivors (1024K)
 Metaspace       used 57109K, committed 57600K, reserved 1114112K
  class space    used 7846K, committed 8128K, reserved 1048576K
}
Event: 8.253 GC heap before
{Heap before GC invocations=19 (full 0):
 garbage-first heap   total 87040K, used 61081K [0x0000000080000000, 0x0000000100000000)
  region size 1024K, 3 young (3072K), 1 survivors (1024K)
 Metaspace       used 57216K, committed 57728K, reserved 1114112K
  class space    used 7855K, committed 8128K, reserved 1048576K
}
Event: 8.254 GC heap after
{Heap after GC invocations=20 (full 0):
 garbage-first heap   total 87040K, used 59908K [0x0000000080000000, 0x0000000100000000)
  region size 1024K, 1 young (1024K), 1 survivors (1024K)
 Metaspace       used 57216K, committed 57728K, reserved 1114112K
  class space    used 7855K, committed 8128K, reserved 1048576K
}
Event: 8.430 GC heap before
{Heap before GC invocations=21 (full 0):
 garbage-first heap   total 107520K, used 73220K [0x0000000080000000, 0x0000000100000000)
  region size 1024K, 14 young (14336K), 1 survivors (1024K)
 Metaspace       used 58237K, committed 58816K, reserved 1114112K
  class space    used 7993K, committed 8256K, reserved 1048576K
}
Event: 8.432 GC heap after
{Heap after GC invocations=22 (full 0):
 garbage-first heap   total 107520K, used 61275K [0x0000000080000000, 0x0000000100000000)
  region size 1024K, 1 young (1024K), 1 survivors (1024K)
 Metaspace       used 58237K, committed 58816K, reserved 1114112K
  class space    used 7993K, committed 8256K, reserved 1048576K
}
Event: 8.476 GC heap before
{Heap before GC invocations=22 (full 0):
 garbage-first heap   total 107520K, used 64347K [0x0000000080000000, 0x0000000100000000)
  region size 1024K, 5 young (5120K), 1 survivors (1024K)
 Metaspace       used 58558K, committed 59136K, reserved 1114112K
  class space    used 8043K, committed 8320K, reserved 1048576K
}
Event: 8.478 GC heap after
{Heap after GC invocations=23 (full 0):
 garbage-first heap   total 107520K, used 61015K [0x0000000080000000, 0x0000000100000000)
  region size 1024K, 1 young (1024K), 1 survivors (1024K)
 Metaspace       used 58558K, committed 59136K, reserved 1114112K
  class space    used 8043K, committed 8320K, reserved 1048576K
}
Event: 8.815 GC heap before
{Heap before GC invocations=23 (full 0):
 garbage-first heap   total 107520K, used 85591K [0x0000000080000000, 0x0000000100000000)
  region size 1024K, 26 young (26624K), 1 survivors (1024K)
 Metaspace       used 60974K, committed 61504K, reserved 1114112K
  class space    used 8328K, committed 8576K, reserved 1048576K
}
Event: 8.819 GC heap after
{Heap after GC invocations=24 (full 0):
 garbage-first heap   total 215040K, used 61741K [0x0000000080000000, 0x0000000100000000)
  region size 1024K, 2 young (2048K), 2 survivors (2048K)
 Metaspace       used 60974K, committed 61504K, reserved 1114112K
  class space    used 8328K, committed 8576K, reserved 1048576K
}
Event: 10.543 GC heap before
{Heap before GC invocations=25 (full 0):
 garbage-first heap   total 215040K, used 171309K [0x0000000080000000, 0x0000000100000000)
  region size 1024K, 103 young (105472K), 2 survivors (2048K)
 Metaspace       used 69558K, committed 70080K, reserved 1114112K
  class space    used 9481K, committed 9728K, reserved 1048576K
}
Event: 10.552 GC heap after
{Heap after GC invocations=26 (full 0):
 garbage-first heap   total 215040K, used 68272K [0x0000000080000000, 0x0000000100000000)
  region size 1024K, 8 young (8192K), 8 survivors (8192K)
 Metaspace       used 69558K, committed 70080K, reserved 1114112K
  class space    used 9481K, committed 9728K, reserved 1048576K
}
Event: 10.586 GC heap before
{Heap before GC invocations=26 (full 0):
 garbage-first heap   total 215040K, used 70320K [0x0000000080000000, 0x0000000100000000)
  region size 1024K, 10 young (10240K), 8 survivors (8192K)
 Metaspace       used 69729K, committed 70336K, reserved 1114112K
  class space    used 9497K, committed 9792K, reserved 1048576K
}
Event: 10.595 GC heap after
{Heap after GC invocations=27 (full 0):
 garbage-first heap   total 215040K, used 68501K [0x0000000080000000, 0x0000000100000000)
  region size 1024K, 1 young (1024K), 1 survivors (1024K)
 Metaspace       used 69729K, committed 70336K, reserved 1114112K
  class space    used 9497K, committed 9792K, reserved 1048576K
}

