# JRE version: OpenJDK Runtime Environment (17.0.10) (build 17.0.10+0--11609105)
# Java VM: OpenJDK 64-Bit Server VM (17.0.10+0--11609105, mixed mode, tiered, compressed oops, compressed class ptrs, g1 gc, windows-amd64)
GC Precious Log:
 CPUs: 8 total, 8 available
 Memory: 7952M
 Large Page Support: Disabled
 NUMA Support: Disabled
 Compressed Oops: Enabled (32-bit)
 Heap Region Size: 1M
 Heap Min Capacity: 8M
 Heap Initial Capacity: 126M
 Heap Max Capacity: 2G
 Pre-touch: Disabled
 Parallel Workers: 8
 Concurrent Workers: 2
 Concurrent Refinement Workers: 8
 Periodic GC: Disabled
Heap:
 garbage-first heap   total 183296K, used 99872K [0x0000000080000000, 0x0000000100000000)
  region size 1024K, 6 young (6144K), 6 survivors (6144K)
 Metaspace       used 107813K, committed 108672K, reserved 1179648K
  class space    used 14916K, committed 15360K, reserved 1048576K
GC Heap History (20 events):
Event: 13.962 GC heap after
{Heap after GC invocations=43 (full 0):
 garbage-first heap   total 159744K, used 77644K [0x0000000080000000, 0x0000000100000000)
  region size 1024K, 6 young (6144K), 6 survivors (6144K)
 Metaspace       used 82644K, committed 83200K, reserved 1179648K
  class space    used 11237K, committed 11520K, reserved 1048576K
}
Event: 14.707 GC heap before
{Heap before GC invocations=43 (full 0):
 garbage-first heap   total 159744K, used 121676K [0x0000000080000000, 0x0000000100000000)
  region size 1024K, 50 young (51200K), 6 survivors (6144K)
 Metaspace       used 84971K, committed 85568K, reserved 1179648K
  class space    used 11540K, committed 11840K, reserved 1048576K
}
Event: 14.718 GC heap after
{Heap after GC invocations=44 (full 0):
 garbage-first heap   total 159744K, used 80913K [0x0000000080000000, 0x0000000100000000)
  region size 1024K, 6 young (6144K), 6 survivors (6144K)
 Metaspace       used 84971K, committed 85568K, reserved 1179648K
  class space    used 11540K, committed 11840K, reserved 1048576K
}
Event: 15.509 GC heap before
{Heap before GC invocations=45 (full 0):
 garbage-first heap   total 159744K, used 117777K [0x0000000080000000, 0x0000000100000000)
  region size 1024K, 43 young (44032K), 6 survivors (6144K)
 Metaspace       used 87202K, committed 87808K, reserved 1179648K
  class space    used 11855K, committed 12160K, reserved 1048576K
}
Event: 15.516 GC heap after
{Heap after GC invocations=46 (full 0):
 garbage-first heap   total 159744K, used 82643K [0x0000000080000000, 0x0000000100000000)
  region size 1024K, 5 young (5120K), 5 survivors (5120K)
 Metaspace       used 87202K, committed 87808K, reserved 1179648K
  class space    used 11855K, committed 12160K, reserved 1048576K
}
Event: 16.343 GC heap before
{Heap before GC invocations=47 (full 0):
 garbage-first heap   total 159744K, used 128723K [0x0000000080000000, 0x0000000100000000)
  region size 1024K, 49 young (50176K), 5 survivors (5120K)
 Metaspace       used 90361K, committed 91008K, reserved 1179648K
  class space    used 12467K, committed 12736K, reserved 1048576K
}
Event: 16.351 GC heap after
{Heap after GC invocations=48 (full 0):
 garbage-first heap   total 159744K, used 83973K [0x0000000080000000, 0x0000000100000000)
  region size 1024K, 3 young (3072K), 3 survivors (3072K)
 Metaspace       used 90361K, committed 91008K, reserved 1179648K
  class space    used 12467K, committed 12736K, reserved 1048576K
}
Event: 17.104 GC heap before
{Heap before GC invocations=48 (full 0):
 garbage-first heap   total 159744K, used 130053K [0x0000000080000000, 0x0000000100000000)
  region size 1024K, 48 young (49152K), 3 survivors (3072K)
 Metaspace       used 93491K, committed 94144K, reserved 1179648K
  class space    used 12939K, committed 13248K, reserved 1048576K
}
Event: 17.110 GC heap after
{Heap after GC invocations=49 (full 0):
 garbage-first heap   total 159744K, used 85641K [0x0000000080000000, 0x0000000100000000)
  region size 1024K, 5 young (5120K), 5 survivors (5120K)
 Metaspace       used 93491K, committed 94144K, reserved 1179648K
  class space    used 12939K, committed 13248K, reserved 1048576K
}
Event: 17.855 GC heap before
{Heap before GC invocations=50 (full 0):
 garbage-first heap   total 159744K, used 131721K [0x0000000080000000, 0x0000000100000000)
  region size 1024K, 50 young (51200K), 5 survivors (5120K)
 Metaspace       used 97288K, committed 97984K, reserved 1179648K
  class space    used 13533K, committed 13888K, reserved 1048576K
}
Event: 17.864 GC heap after
{Heap after GC invocations=51 (full 0):
 garbage-first heap   total 159744K, used 87769K [0x0000000080000000, 0x0000000100000000)
  region size 1024K, 6 young (6144K), 6 survivors (6144K)
 Metaspace       used 97288K, committed 97984K, reserved 1179648K
  class space    used 13533K, committed 13888K, reserved 1048576K
}
Event: 17.876 GC heap before
{Heap before GC invocations=51 (full 0):
 garbage-first heap   total 159744K, used 88793K [0x0000000080000000, 0x0000000100000000)
  region size 1024K, 7 young (7168K), 6 survivors (6144K)
 Metaspace       used 97362K, committed 98048K, reserved 1179648K
  class space    used 13546K, committed 13888K, reserved 1048576K
}
Event: 17.884 GC heap after
{Heap after GC invocations=52 (full 0):
 garbage-first heap   total 159744K, used 88154K [0x0000000080000000, 0x0000000100000000)
  region size 1024K, 1 young (1024K), 1 survivors (1024K)
 Metaspace       used 97362K, committed 98048K, reserved 1179648K
  class space    used 13546K, committed 13888K, reserved 1048576K
}
Event: 18.573 GC heap before
{Heap before GC invocations=52 (full 0):
 garbage-first heap   total 159744K, used 133210K [0x0000000080000000, 0x0000000100000000)
  region size 1024K, 45 young (46080K), 1 survivors (1024K)
 Metaspace       used 101281K, committed 102080K, reserved 1179648K
  class space    used 14063K, committed 14464K, reserved 1048576K
}
Event: 18.579 GC heap after
{Heap after GC invocations=53 (full 0):
 garbage-first heap   total 159744K, used 90269K [0x0000000080000000, 0x0000000100000000)
  region size 1024K, 3 young (3072K), 3 survivors (3072K)
 Metaspace       used 101281K, committed 102080K, reserved 1179648K
  class space    used 14063K, committed 14464K, reserved 1048576K
}
Event: 19.475 GC heap before
{Heap before GC invocations=54 (full 0):
 garbage-first heap   total 162816K, used 132253K [0x0000000080000000, 0x0000000100000000)
  region size 1024K, 45 young (46080K), 3 survivors (3072K)
 Metaspace       used 103781K, committed 104576K, reserved 1179648K
  class space    used 14515K, committed 14912K, reserved 1048576K
}
Event: 19.483 GC heap after
{Heap after GC invocations=55 (full 0):
 garbage-first heap   total 162816K, used 94100K [0x0000000080000000, 0x0000000100000000)
  region size 1024K, 6 young (6144K), 6 survivors (6144K)
 Metaspace       used 103781K, committed 104576K, reserved 1179648K
  class space    used 14515K, committed 14912K, reserved 1048576K
}
Event: 20.048 GC heap before
{Heap before GC invocations=55 (full 0):
 garbage-first heap   total 162816K, used 135060K [0x0000000080000000, 0x0000000100000000)
  region size 1024K, 47 young (48128K), 6 survivors (6144K)
 Metaspace       used 104313K, committed 105152K, reserved 1179648K
  class space    used 14564K, committed 14976K, reserved 1048576K
}
Event: 20.057 GC heap after
{Heap after GC invocations=56 (full 0):
 garbage-first heap   total 162816K, used 97390K [0x0000000080000000, 0x0000000100000000)
  region size 1024K, 4 young (4096K), 4 survivors (4096K)
 Metaspace       used 104313K, committed 105152K, reserved 1179648K
  class space    used 14564K, committed 14976K, reserved 1048576K
}
Event: 20.746 GC heap before
{Heap before GC invocations=57 (full 0):
 garbage-first heap   total 183296K, used 140398K [0x0000000080000000, 0x0000000100000000)
  region size 1024K, 42 young (43008K), 4 survivors (4096K)
 Metaspace       used 107813K, committed 108672K, reserved 1179648K
  class space    used 14916K, committed 15360K, reserved 1048576K
}

