# JRE version: OpenJDK Runtime Environment (17.0.10) (build 17.0.10+0--11609105)
# Java VM: OpenJDK 64-Bit Server VM (17.0.10+0--11609105, mixed mode, tiered, compressed oops, compressed class ptrs, g1 gc, windows-amd64)
GC Precious Log:
 CPUs: 8 total, 8 available
 Memory: 7952M
 Large Page Support: Disabled
 NUMA Support: Disabled
 Compressed Oops: Enabled (32-bit)
 Heap Region Size: 1M
 Heap Min Capacity: 8M
 Heap Initial Capacity: 126M
 Heap Max Capacity: 2G
 Pre-touch: Disabled
 Parallel Workers: 8
 Concurrent Workers: 2
 Concurrent Refinement Workers: 8
 Periodic GC: Disabled
Heap:
 garbage-first heap   total 133120K, used 65254K [0x0000000080000000, 0x0000000100000000)
  region size 1024K, 1 young (1024K), 1 survivors (1024K)
 Metaspace       used 71829K, committed 72448K, reserved 1114112K
  class space    used 9763K, committed 10048K, reserved 1048576K
GC Heap History (20 events):
Event: 6.107 GC heap after
{Heap after GC invocations=15 (full 0):
 garbage-first heap   total 86016K, used 37854K [0x0000000080000000, 0x0000000100000000)
  region size 1024K, 4 young (4096K), 4 survivors (4096K)
 Metaspace       used 60131K, committed 60608K, reserved 1114112K
  class space    used 8247K, committed 8448K, reserved 1048576K
}
Event: 11.551 GC heap before
{Heap before GC invocations=16 (full 0):
 garbage-first heap   total 86016K, used 65502K [0x0000000080000000, 0x0000000100000000)
  region size 1024K, 32 young (32768K), 4 survivors (4096K)
 Metaspace       used 62420K, committed 62976K, reserved 1114112K
  class space    used 8503K, committed 8768K, reserved 1048576K
}
Event: 11.557 GC heap after
{Heap after GC invocations=17 (full 0):
 garbage-first heap   total 86016K, used 41712K [0x0000000080000000, 0x0000000100000000)
  region size 1024K, 4 young (4096K), 4 survivors (4096K)
 Metaspace       used 62420K, committed 62976K, reserved 1114112K
  class space    used 8503K, committed 8768K, reserved 1048576K
}
Event: 11.645 GC heap before
{Heap before GC invocations=17 (full 0):
 garbage-first heap   total 86016K, used 49904K [0x0000000080000000, 0x0000000100000000)
  region size 1024K, 13 young (13312K), 4 survivors (4096K)
 Metaspace       used 62697K, committed 63296K, reserved 1114112K
  class space    used 8540K, committed 8832K, reserved 1048576K
}
Event: 11.649 GC heap after
{Heap after GC invocations=18 (full 0):
 garbage-first heap   total 86016K, used 42137K [0x0000000080000000, 0x0000000100000000)
  region size 1024K, 1 young (1024K), 1 survivors (1024K)
 Metaspace       used 62697K, committed 63296K, reserved 1114112K
  class space    used 8540K, committed 8832K, reserved 1048576K
}
Event: 11.924 GC heap before
{Heap before GC invocations=19 (full 0):
 garbage-first heap   total 86016K, used 79001K [0x0000000080000000, 0x0000000100000000)
  region size 1024K, 26 young (26624K), 1 survivors (1024K)
 Metaspace       used 63912K, committed 64448K, reserved 1114112K
  class space    used 8710K, committed 8960K, reserved 1048576K
}
Event: 11.927 GC heap after
{Heap after GC invocations=20 (full 0):
 garbage-first heap   total 90112K, used 61539K [0x0000000080000000, 0x0000000100000000)
  region size 1024K, 4 young (4096K), 4 survivors (4096K)
 Metaspace       used 63912K, committed 64448K, reserved 1114112K
  class space    used 8710K, committed 8960K, reserved 1048576K
}
Event: 11.932 GC heap before
{Heap before GC invocations=20 (full 0):
 garbage-first heap   total 90112K, used 62563K [0x0000000080000000, 0x0000000100000000)
  region size 1024K, 5 young (5120K), 4 survivors (4096K)
 Metaspace       used 63988K, committed 64512K, reserved 1114112K
  class space    used 8714K, committed 8960K, reserved 1048576K
}
Event: 11.935 GC heap after
{Heap after GC invocations=21 (full 0):
 garbage-first heap   total 108544K, used 61707K [0x0000000080000000, 0x0000000100000000)
  region size 1024K, 1 young (1024K), 1 survivors (1024K)
 Metaspace       used 63988K, committed 64512K, reserved 1114112K
  class space    used 8714K, committed 8960K, reserved 1048576K
}
Event: 11.938 GC heap before
{Heap before GC invocations=21 (full 0):
 garbage-first heap   total 108544K, used 61707K [0x0000000080000000, 0x0000000100000000)
  region size 1024K, 2 young (2048K), 1 survivors (1024K)
 Metaspace       used 64005K, committed 64512K, reserved 1114112K
  class space    used 8715K, committed 8960K, reserved 1048576K
}
Event: 11.939 GC heap after
{Heap after GC invocations=22 (full 0):
 garbage-first heap   total 108544K, used 61612K [0x0000000080000000, 0x0000000100000000)
  region size 1024K, 1 young (1024K), 1 survivors (1024K)
 Metaspace       used 64005K, committed 64512K, reserved 1114112K
  class space    used 8715K, committed 8960K, reserved 1048576K
}
Event: 12.134 GC heap before
{Heap before GC invocations=23 (full 0):
 garbage-first heap   total 112640K, used 85164K [0x0000000080000000, 0x0000000100000000)
  region size 1024K, 24 young (24576K), 1 survivors (1024K)
 Metaspace       used 65870K, committed 66432K, reserved 1114112K
  class space    used 8977K, committed 9280K, reserved 1048576K
}
Event: 12.136 GC heap after
{Heap after GC invocations=24 (full 0):
 garbage-first heap   total 112640K, used 63234K [0x0000000080000000, 0x0000000100000000)
  region size 1024K, 1 young (1024K), 1 survivors (1024K)
 Metaspace       used 65870K, committed 66432K, reserved 1114112K
  class space    used 8977K, committed 9280K, reserved 1048576K
}
Event: 12.180 GC heap before
{Heap before GC invocations=24 (full 0):
 garbage-first heap   total 112640K, used 67330K [0x0000000080000000, 0x0000000100000000)
  region size 1024K, 5 young (5120K), 1 survivors (1024K)
 Metaspace       used 66181K, committed 66688K, reserved 1114112K
  class space    used 9024K, committed 9280K, reserved 1048576K
}
Event: 12.182 GC heap after
{Heap after GC invocations=25 (full 0):
 garbage-first heap   total 112640K, used 62823K [0x0000000080000000, 0x0000000100000000)
  region size 1024K, 1 young (1024K), 1 survivors (1024K)
 Metaspace       used 66181K, committed 66688K, reserved 1114112K
  class space    used 9024K, committed 9280K, reserved 1048576K
}
Event: 12.438 GC heap before
{Heap before GC invocations=25 (full 0):
 garbage-first heap   total 112640K, used 89447K [0x0000000080000000, 0x0000000100000000)
  region size 1024K, 27 young (27648K), 1 survivors (1024K)
 Metaspace       used 69089K, committed 69632K, reserved 1114112K
  class space    used 9345K, committed 9600K, reserved 1048576K
}
Event: 12.440 GC heap after
{Heap after GC invocations=26 (full 0):
 garbage-first heap   total 112640K, used 63413K [0x0000000080000000, 0x0000000100000000)
  region size 1024K, 1 young (1024K), 1 survivors (1024K)
 Metaspace       used 69089K, committed 69632K, reserved 1114112K
  class space    used 9345K, committed 9600K, reserved 1048576K
}
Event: 12.780 GC heap before
{Heap before GC invocations=27 (full 0):
 garbage-first heap   total 112640K, used 91061K [0x0000000080000000, 0x0000000100000000)
  region size 1024K, 28 young (28672K), 1 survivors (1024K)
 Metaspace       used 71671K, committed 72256K, reserved 1114112K
  class space    used 9744K, committed 10048K, reserved 1048576K
}
Event: 12.783 GC heap after
{Heap after GC invocations=28 (full 0):
 garbage-first heap   total 112640K, used 64915K [0x0000000080000000, 0x0000000100000000)
  region size 1024K, 3 young (3072K), 3 survivors (3072K)
 Metaspace       used 71671K, committed 72256K, reserved 1114112K
  class space    used 9744K, committed 10048K, reserved 1048576K
}
Event: 12.805 GC heap before
{Heap before GC invocations=28 (full 0):
 garbage-first heap   total 112640K, used 66963K [0x0000000080000000, 0x0000000100000000)
  region size 1024K, 5 young (5120K), 3 survivors (3072K)
 Metaspace       used 71829K, committed 72448K, reserved 1114112K
  class space    used 9763K, committed 10048K, reserved 1048576K
}

