# JRE version: OpenJDK Runtime Environment (17.0.10) (build 17.0.10+0--11609105)
# Java VM: OpenJDK 64-Bit Server VM (17.0.10+0--11609105, mixed mode, tiered, compressed oops, compressed class ptrs, g1 gc, windows-amd64)
GC Precious Log:
 CPUs: 8 total, 8 available
 Memory: 7952M
 Large Page Support: Disabled
 NUMA Support: Disabled
 Compressed Oops: Enabled (32-bit)
 Heap Region Size: 1M
 Heap Min Capacity: 8M
 Heap Initial Capacity: 126M
 Heap Max Capacity: 2G
 Pre-touch: Disabled
 Parallel Workers: 8
 Concurrent Workers: 2
 Concurrent Refinement Workers: 8
 Periodic GC: Disabled
Heap:
 garbage-first heap   total 270336K, used 179776K [0x0000000080000000, 0x0000000100000000)
  region size 1024K, 104 young (106496K), 12 survivors (12288K)
 Metaspace       used 102166K, committed 102912K, reserved 1179648K
  class space    used 14240K, committed 14592K, reserved 1048576K
GC Heap History (20 events):
Event: 7.413 GC heap before
{Heap before GC invocations=21 (full 0):
 garbage-first heap   total 132096K, used 104601K [0x0000000080000000, 0x0000000100000000)
  region size 1024K, 43 young (44032K), 1 survivors (1024K)
 Metaspace       used 64775K, committed 65344K, reserved 1114112K
  class space    used 8823K, committed 9088K, reserved 1048576K
}
Event: 7.416 GC heap after
{Heap after GC invocations=22 (full 0):
 garbage-first heap   total 132096K, used 63493K [0x0000000080000000, 0x0000000100000000)
  region size 1024K, 3 young (3072K), 3 survivors (3072K)
 Metaspace       used 64775K, committed 65344K, reserved 1114112K
  class space    used 8823K, committed 9088K, reserved 1048576K
}
Event: 7.440 GC heap before
{Heap before GC invocations=22 (full 0):
 garbage-first heap   total 132096K, used 65541K [0x0000000080000000, 0x0000000100000000)
  region size 1024K, 6 young (6144K), 3 survivors (3072K)
 Metaspace       used 65183K, committed 65728K, reserved 1114112K
  class space    used 8846K, committed 9088K, reserved 1048576K
}
Event: 7.443 GC heap after
{Heap after GC invocations=23 (full 0):
 garbage-first heap   total 132096K, used 63286K [0x0000000080000000, 0x0000000100000000)
  region size 1024K, 1 young (1024K), 1 survivors (1024K)
 Metaspace       used 65183K, committed 65728K, reserved 1114112K
  class space    used 8846K, committed 9088K, reserved 1048576K
}
Event: 7.940 GC heap before
{Heap before GC invocations=23 (full 0):
 garbage-first heap   total 132096K, used 106294K [0x0000000080000000, 0x0000000100000000)
  region size 1024K, 43 young (44032K), 1 survivors (1024K)
 Metaspace       used 69682K, committed 70336K, reserved 1114112K
  class space    used 9465K, committed 9792K, reserved 1048576K
}
Event: 7.943 GC heap after
{Heap after GC invocations=24 (full 0):
 garbage-first heap   total 132096K, used 64979K [0x0000000080000000, 0x0000000100000000)
  region size 1024K, 2 young (2048K), 2 survivors (2048K)
 Metaspace       used 69682K, committed 70336K, reserved 1114112K
  class space    used 9465K, committed 9792K, reserved 1048576K
}
Event: 8.348 GC heap before
{Heap before GC invocations=25 (full 0):
 garbage-first heap   total 132096K, used 114131K [0x0000000080000000, 0x0000000100000000)
  region size 1024K, 44 young (45056K), 2 survivors (2048K)
 Metaspace       used 71806K, committed 72384K, reserved 1114112K
  class space    used 9767K, committed 10048K, reserved 1048576K
}
Event: 8.352 GC heap after
{Heap after GC invocations=26 (full 0):
 garbage-first heap   total 132096K, used 69289K [0x0000000080000000, 0x0000000100000000)
  region size 1024K, 6 young (6144K), 6 survivors (6144K)
 Metaspace       used 71806K, committed 72384K, reserved 1114112K
  class space    used 9767K, committed 10048K, reserved 1048576K
}
Event: 8.364 GC heap before
{Heap before GC invocations=26 (full 0):
 garbage-first heap   total 132096K, used 70313K [0x0000000080000000, 0x0000000100000000)
  region size 1024K, 7 young (7168K), 6 survivors (6144K)
 Metaspace       used 71882K, committed 72512K, reserved 1114112K
  class space    used 9778K, committed 10112K, reserved 1048576K
}
Event: 8.369 GC heap after
{Heap after GC invocations=27 (full 0):
 garbage-first heap   total 132096K, used 69294K [0x0000000080000000, 0x0000000100000000)
  region size 1024K, 1 young (1024K), 1 survivors (1024K)
 Metaspace       used 71882K, committed 72512K, reserved 1114112K
  class space    used 9778K, committed 10112K, reserved 1048576K
}
Event: 8.780 GC heap before
{Heap before GC invocations=27 (full 0):
 garbage-first heap   total 132096K, used 112302K [0x0000000080000000, 0x0000000100000000)
  region size 1024K, 39 young (39936K), 1 survivors (1024K)
 Metaspace       used 75503K, committed 76160K, reserved 1179648K
  class space    used 10251K, committed 10560K, reserved 1048576K
}
Event: 8.783 GC heap after
{Heap after GC invocations=28 (full 0):
 garbage-first heap   total 132096K, used 75326K [0x0000000080000000, 0x0000000100000000)
  region size 1024K, 3 young (3072K), 3 survivors (3072K)
 Metaspace       used 75503K, committed 76160K, reserved 1179648K
  class space    used 10251K, committed 10560K, reserved 1048576K
}
Event: 9.093 GC heap before
{Heap before GC invocations=29 (full 0):
 garbage-first heap   total 135168K, used 109118K [0x0000000080000000, 0x0000000100000000)
  region size 1024K, 36 young (36864K), 3 survivors (3072K)
 Metaspace       used 78750K, committed 79360K, reserved 1179648K
  class space    used 10717K, committed 11008K, reserved 1048576K
}
Event: 9.096 GC heap after
{Heap after GC invocations=30 (full 0):
 garbage-first heap   total 135168K, used 76812K [0x0000000080000000, 0x0000000100000000)
  region size 1024K, 4 young (4096K), 4 survivors (4096K)
 Metaspace       used 78750K, committed 79360K, reserved 1179648K
  class space    used 10717K, committed 11008K, reserved 1048576K
}
Event: 9.110 GC heap before
{Heap before GC invocations=30 (full 0):
 garbage-first heap   total 135168K, used 78860K [0x0000000080000000, 0x0000000100000000)
  region size 1024K, 6 young (6144K), 4 survivors (4096K)
 Metaspace       used 78983K, committed 79616K, reserved 1179648K
  class space    used 10757K, committed 11072K, reserved 1048576K
}
Event: 9.116 GC heap after
{Heap after GC invocations=31 (full 0):
 garbage-first heap   total 270336K, used 76761K [0x0000000080000000, 0x0000000100000000)
  region size 1024K, 1 young (1024K), 1 survivors (1024K)
 Metaspace       used 78983K, committed 79616K, reserved 1179648K
  class space    used 10757K, committed 11072K, reserved 1048576K
}
Event: 10.288 GC heap before
{Heap before GC invocations=31 (full 0):
 garbage-first heap   total 270336K, used 189401K [0x0000000080000000, 0x0000000100000000)
  region size 1024K, 110 young (112640K), 1 survivors (1024K)
 Metaspace       used 86067K, committed 86656K, reserved 1179648K
  class space    used 11739K, committed 12032K, reserved 1048576K
}
Event: 10.294 GC heap after
{Heap after GC invocations=32 (full 0):
 garbage-first heap   total 270336K, used 81771K [0x0000000080000000, 0x0000000100000000)
  region size 1024K, 6 young (6144K), 6 survivors (6144K)
 Metaspace       used 86067K, committed 86656K, reserved 1179648K
  class space    used 11739K, committed 12032K, reserved 1048576K
}
Event: 11.640 GC heap before
{Heap before GC invocations=32 (full 0):
 garbage-first heap   total 270336K, used 207723K [0x0000000080000000, 0x0000000100000000)
  region size 1024K, 129 young (132096K), 6 survivors (6144K)
 Metaspace       used 95062K, committed 95808K, reserved 1179648K
  class space    used 13204K, committed 13568K, reserved 1048576K
}
Event: 11.652 GC heap after
{Heap after GC invocations=33 (full 0):
 garbage-first heap   total 270336K, used 87616K [0x0000000080000000, 0x0000000100000000)
  region size 1024K, 12 young (12288K), 12 survivors (12288K)
 Metaspace       used 95062K, committed 95808K, reserved 1179648K
  class space    used 13204K, committed 13568K, reserved 1048576K
}

