# JRE version: OpenJDK Runtime Environment (17.0.10) (build 17.0.10+0--11609105)
# Java VM: OpenJDK 64-Bit Server VM (17.0.10+0--11609105, mixed mode, tiered, compressed oops, compressed class ptrs, g1 gc, windows-amd64)
GC Precious Log:
 CPUs: 8 total, 8 available
 Memory: 7952M
 Large Page Support: Disabled
 NUMA Support: Disabled
 Compressed Oops: Enabled (32-bit)
 Heap Region Size: 1M
 Heap Min Capacity: 8M
 Heap Initial Capacity: 126M
 Heap Max Capacity: 2G
 Pre-touch: Disabled
 Parallel Workers: 8
 Concurrent Workers: 2
 Concurrent Refinement Workers: 8
 Periodic GC: Disabled
Heap:
 garbage-first heap   total 189440K, used 112310K [0x0000000080000000, 0x0000000100000000)
  region size 1024K, 2 young (2048K), 2 survivors (2048K)
 Metaspace       used 103186K, committed 104000K, reserved 1179648K
  class space    used 14263K, committed 14656K, reserved 1048576K
GC Heap History (20 events):
Event: 12.879 GC heap after
{Heap after GC invocations=23 (full 0):
 garbage-first heap   total 162816K, used 83223K [0x0000000080000000, 0x0000000100000000)
  region size 1024K, 4 young (4096K), 4 survivors (4096K)
 Metaspace       used 87144K, committed 87808K, reserved 1179648K
  class space    used 12095K, committed 12416K, reserved 1048576K
}
Event: 13.665 GC heap before
{Heap before GC invocations=24 (full 0):
 garbage-first heap   total 162816K, used 136471K [0x0000000080000000, 0x0000000100000000)
  region size 1024K, 56 young (57344K), 4 survivors (4096K)
 Metaspace       used 91114K, committed 91840K, reserved 1179648K
  class space    used 12707K, committed 13056K, reserved 1048576K
}
Event: 13.672 GC heap after
{Heap after GC invocations=25 (full 0):
 garbage-first heap   total 162816K, used 86096K [0x0000000080000000, 0x0000000100000000)
  region size 1024K, 5 young (5120K), 5 survivors (5120K)
 Metaspace       used 91114K, committed 91840K, reserved 1179648K
  class space    used 12707K, committed 13056K, reserved 1048576K
}
Event: 13.691 GC heap before
{Heap before GC invocations=25 (full 0):
 garbage-first heap   total 162816K, used 88144K [0x0000000080000000, 0x0000000100000000)
  region size 1024K, 7 young (7168K), 5 survivors (5120K)
 Metaspace       used 91322K, committed 92032K, reserved 1179648K
  class space    used 12734K, committed 13056K, reserved 1048576K
}
Event: 13.697 GC heap after
{Heap after GC invocations=26 (full 0):
 garbage-first heap   total 162816K, used 86044K [0x0000000080000000, 0x0000000100000000)
  region size 1024K, 1 young (1024K), 1 survivors (1024K)
 Metaspace       used 91322K, committed 92032K, reserved 1179648K
  class space    used 12734K, committed 13056K, reserved 1048576K
}
Event: 14.272 GC heap before
{Heap before GC invocations=26 (full 0):
 garbage-first heap   total 162816K, used 136220K [0x0000000080000000, 0x0000000100000000)
  region size 1024K, 50 young (51200K), 1 survivors (1024K)
 Metaspace       used 95672K, committed 96384K, reserved 1179648K
  class space    used 13342K, committed 13696K, reserved 1048576K
}
Event: 14.276 GC heap after
{Heap after GC invocations=27 (full 0):
 garbage-first heap   total 162816K, used 88293K [0x0000000080000000, 0x0000000100000000)
  region size 1024K, 3 young (3072K), 3 survivors (3072K)
 Metaspace       used 95672K, committed 96384K, reserved 1179648K
  class space    used 13342K, committed 13696K, reserved 1048576K
}
Event: 15.018 GC heap before
{Heap before GC invocations=28 (full 0):
 garbage-first heap   total 162816K, used 136421K [0x0000000080000000, 0x0000000100000000)
  region size 1024K, 50 young (51200K), 3 survivors (3072K)
 Metaspace       used 98287K, committed 99072K, reserved 1179648K
  class space    used 13812K, committed 14208K, reserved 1048576K
}
Event: 15.028 GC heap after
{Heap after GC invocations=29 (full 0):
 garbage-first heap   total 162816K, used 92534K [0x0000000080000000, 0x0000000100000000)
  region size 1024K, 7 young (7168K), 7 survivors (7168K)
 Metaspace       used 98287K, committed 99072K, reserved 1179648K
  class space    used 13812K, committed 14208K, reserved 1048576K
}
Event: 15.035 GC heap before
{Heap before GC invocations=29 (full 0):
 garbage-first heap   total 162816K, used 93558K [0x0000000080000000, 0x0000000100000000)
  region size 1024K, 8 young (8192K), 7 survivors (7168K)
 Metaspace       used 98292K, committed 99072K, reserved 1179648K
  class space    used 13812K, committed 14208K, reserved 1048576K
}
Event: 15.043 GC heap after
{Heap after GC invocations=30 (full 0):
 garbage-first heap   total 162816K, used 93004K [0x0000000080000000, 0x0000000100000000)
  region size 1024K, 1 young (1024K), 1 survivors (1024K)
 Metaspace       used 98292K, committed 99072K, reserved 1179648K
  class space    used 13812K, committed 14208K, reserved 1048576K
}
Event: 15.846 GC heap before
{Heap before GC invocations=30 (full 0):
 garbage-first heap   total 162816K, used 141132K [0x0000000080000000, 0x0000000100000000)
  region size 1024K, 44 young (45056K), 1 survivors (1024K)
 Metaspace       used 101592K, committed 102464K, reserved 1179648K
  class space    used 14147K, committed 14592K, reserved 1048576K
}
Event: 15.850 GC heap after
{Heap after GC invocations=31 (full 0):
 garbage-first heap   total 162816K, used 94583K [0x0000000080000000, 0x0000000100000000)
  region size 1024K, 3 young (3072K), 3 survivors (3072K)
 Metaspace       used 101592K, committed 102464K, reserved 1179648K
  class space    used 14147K, committed 14592K, reserved 1048576K
}
Event: 16.916 GC heap before
{Heap before GC invocations=31 (full 0):
 garbage-first heap   total 162816K, used 137591K [0x0000000080000000, 0x0000000100000000)
  region size 1024K, 45 young (46080K), 3 survivors (3072K)
 Metaspace       used 102175K, committed 102976K, reserved 1179648K
  class space    used 14177K, committed 14592K, reserved 1048576K
}
Event: 16.924 GC heap after
{Heap after GC invocations=32 (full 0):
 garbage-first heap   total 162816K, used 105109K [0x0000000080000000, 0x0000000100000000)
  region size 1024K, 6 young (6144K), 6 survivors (6144K)
 Metaspace       used 102175K, committed 102976K, reserved 1179648K
  class space    used 14177K, committed 14592K, reserved 1048576K
}
Event: 17.410 GC heap before
{Heap before GC invocations=32 (full 0):
 garbage-first heap   total 162816K, used 132757K [0x0000000080000000, 0x0000000100000000)
  region size 1024K, 33 young (33792K), 6 survivors (6144K)
 Metaspace       used 102634K, committed 103424K, reserved 1179648K
  class space    used 14219K, committed 14592K, reserved 1048576K
}
Event: 17.420 GC heap after
{Heap after GC invocations=33 (full 0):
 garbage-first heap   total 162816K, used 108800K [0x0000000080000000, 0x0000000100000000)
  region size 1024K, 4 young (4096K), 4 survivors (4096K)
 Metaspace       used 102634K, committed 103424K, reserved 1179648K
  class space    used 14219K, committed 14592K, reserved 1048576K
}
Event: 17.891 GC heap before
{Heap before GC invocations=34 (full 0):
 garbage-first heap   total 189440K, used 139520K [0x0000000080000000, 0x0000000100000000)
  region size 1024K, 27 young (27648K), 4 survivors (4096K)
 Metaspace       used 103080K, committed 103872K, reserved 1179648K
  class space    used 14259K, committed 14656K, reserved 1048576K
}
Event: 17.898 GC heap after
{Heap after GC invocations=35 (full 0):
 garbage-first heap   total 189440K, used 111637K [0x0000000080000000, 0x0000000100000000)
  region size 1024K, 4 young (4096K), 4 survivors (4096K)
 Metaspace       used 103080K, committed 103872K, reserved 1179648K
  class space    used 14259K, committed 14656K, reserved 1048576K
}
Event: 17.915 GC heap before
{Heap before GC invocations=35 (full 0):
 garbage-first heap   total 189440K, used 116757K [0x0000000080000000, 0x0000000100000000)
  region size 1024K, 9 young (9216K), 4 survivors (4096K)
 Metaspace       used 103186K, committed 104000K, reserved 1179648K
  class space    used 14263K, committed 14656K, reserved 1048576K
}

